2017-12-27 06:36:42,761 INFO  c.c.d.collector.CollectorTask - -----------------------------------
2017-12-27 06:36:42,764 INFO  c.c.d.collector.CollectorTask - server1
2017-12-27 06:36:42,764 INFO  c.c.d.collector.CollectorTask - -----------------------------------
2017-12-27 06:36:42,768 INFO  c.c.d.collector.CollectorTask - Fetched projects   0             0s
2017-12-27 06:36:42,768 INFO  c.c.d.collector.CollectorTask - New projects            0        0s
2017-12-27 06:36:42,768 INFO  c.c.d.collector.CollectorTask - Updated                 0        0s
2017-12-27 06:36:42,768 INFO  c.c.d.collector.CollectorTask - Finished                         0s
2017-12-27 06:36:42,769 INFO  c.c.d.collector.CollectorTask - -----------------------------------
2017-12-27 06:36:42,769 INFO  c.c.d.collector.CollectorTask - server2
2017-12-27 06:36:42,769 INFO  c.c.d.collector.CollectorTask - -----------------------------------
2017-12-27 06:36:42,769 INFO  c.c.d.collector.CollectorTask - Fetched projects   0             0s
2017-12-27 06:36:42,770 INFO  c.c.d.collector.CollectorTask - New projects            0        0s
2017-12-27 06:36:42,770 INFO  c.c.d.collector.CollectorTask - Updated                 0        0s
2017-12-27 06:36:42,770 INFO  c.c.d.collector.CollectorTask - Finished                         0s
2017-12-27 06:36:42,783 INFO  c.c.d.collector.CollectorTask - -----------------------------------
2017-12-27 06:36:42,783 INFO  c.c.d.collector.CollectorTask - server1
2017-12-27 06:36:42,784 INFO  c.c.d.collector.CollectorTask - -----------------------------------
2017-12-27 06:36:42,784 INFO  c.c.d.collector.CollectorTask - Fetched projects   0             0s
2017-12-27 06:36:42,785 INFO  c.c.d.collector.CollectorTask - New projects            0        0s
2017-12-27 06:36:42,785 INFO  c.c.d.collector.CollectorTask - Updated                 0        0s
2017-12-27 06:36:42,785 INFO  c.c.d.collector.CollectorTask - Finished                         0s
2017-12-27 06:36:42,788 INFO  c.c.d.collector.CollectorTask - -----------------------------------
2017-12-27 06:36:42,789 INFO  c.c.d.collector.CollectorTask - server1
2017-12-27 06:36:42,790 INFO  c.c.d.collector.CollectorTask - -----------------------------------
2017-12-27 06:36:42,795 INFO  c.c.d.collector.CollectorTask - Fetched projects   0             0s
2017-12-27 06:36:42,796 INFO  c.c.d.collector.CollectorTask - New projects            0        0s
2017-12-27 06:36:42,796 INFO  c.c.d.collector.CollectorTask - Updated                 0        0s
2017-12-27 06:36:42,796 INFO  c.c.d.collector.CollectorTask - Finished                         0s
2017-12-27 06:36:42,799 INFO  c.c.d.collector.CollectorTask - -----------------------------------
2017-12-27 06:36:42,800 INFO  c.c.d.collector.CollectorTask - server1
2017-12-27 06:36:42,800 INFO  c.c.d.collector.CollectorTask - -----------------------------------
2017-12-27 06:36:42,801 INFO  c.c.d.collector.CollectorTask - Fetched projects   0             0s
2017-12-27 06:36:42,801 INFO  c.c.d.collector.CollectorTask - New projects            0        0s
2017-12-27 06:36:42,803 INFO  c.c.d.collector.CollectorTask - Updated                 0        0s
2017-12-27 06:36:42,804 INFO  c.c.d.collector.CollectorTask - Finished                         0s
