2018-01-04 04:50:57,584 INFO  o.h.validator.internal.util.Version - HV000001: Hibernate Validator 5.2.2.Final
2018-01-04 04:50:57,731 INFO  o.s.c.a.AnnotationConfigApplicationContext - Refreshing org.springframework.context.annotation.AnnotationConfigApplicationContext@7919964f: startup date [Thu Jan 04 04:50:57 UTC 2018]; root of context hierarchy
2018-01-04 04:50:57,970 INFO  o.s.b.f.a.AutowiredAnnotationBeanPostProcessor - JSR-330 'javax.inject.Inject' annotation found and supported for autowiring
2018-01-04 04:50:58,058 INFO  o.s.c.s.PostProcessorRegistrationDelegate$BeanPostProcessorChecker - Bean 'configurationPropertiesRebinderAutoConfiguration' of type [class org.springframework.cloud.autoconfigure.ConfigurationPropertiesRebinderAutoConfiguration$$EnhancerBySpringCGLIB$$5657a801] is not eligible for getting processed by all BeanPostProcessors (for example: not eligible for auto-proxying)
2018-01-04 04:50:58,382 INFO  o.s.c.c.c.ConfigServicePropertySourceLocator - Fetching config from server at: http://localhost:8888
2018-01-04 04:50:58,573 WARN  o.s.c.c.c.ConfigServicePropertySourceLocator - Could not locate PropertySource: I/O error on GET request for "http://localhost:8888/application/default": Connection refused (Connection refused); nested exception is java.net.ConnectException: Connection refused (Connection refused)
2018-01-04 04:50:58,579 INFO  com.capitalone.dashboard.Application - No profiles are active
2018-01-04 04:50:58,617 INFO  o.s.c.a.AnnotationConfigApplicationContext - Refreshing org.springframework.context.annotation.AnnotationConfigApplicationContext@1f63e00d: startup date [Thu Jan 04 04:50:58 UTC 2018]; parent: org.springframework.context.annotation.AnnotationConfigApplicationContext@7919964f
2018-01-04 04:51:00,086 INFO  o.s.cloud.context.scope.GenericScope - BeanFactory id=5ae94b21-555c-3e34-89ac-4b23bd02e833
2018-01-04 04:51:00,098 INFO  c.u.j.EnableEncryptablePropertySourcesPostProcessor - Post-processing PropertySource instances
2018-01-04 04:51:00,118 INFO  c.u.j.c.StringEncryptorConfiguration - String Encryptor custom Bean not found with name 'jasyptStringEncryptor'. Initializing String Encryptor based on properties with name 'jasyptStringEncryptor'
2018-01-04 04:51:00,125 INFO  c.u.j.EnableEncryptablePropertySourcesPostProcessor - Converting PropertySource commandLineArgs [org.springframework.core.env.SimpleCommandLinePropertySource] to EncryptableEnumerablePropertySourceWrapper
2018-01-04 04:51:00,126 INFO  c.u.j.EnableEncryptablePropertySourcesPostProcessor - Converting PropertySource systemProperties [org.springframework.core.env.MapPropertySource] to EncryptableMapPropertySourceWrapper
2018-01-04 04:51:00,126 INFO  c.u.j.EnableEncryptablePropertySourcesPostProcessor - Converting PropertySource systemEnvironment [org.springframework.core.env.SystemEnvironmentPropertySource] to EncryptableMapPropertySourceWrapper
2018-01-04 04:51:00,127 INFO  c.u.j.EnableEncryptablePropertySourcesPostProcessor - Converting PropertySource random [org.springframework.boot.context.config.RandomValuePropertySource] to EncryptablePropertySourceWrapper
2018-01-04 04:51:00,127 INFO  c.u.j.EnableEncryptablePropertySourcesPostProcessor - Converting PropertySource applicationConfig: [file:application.properties] [org.springframework.core.env.PropertiesPropertySource] to EncryptableMapPropertySourceWrapper
2018-01-04 04:51:00,127 INFO  c.u.j.EnableEncryptablePropertySourcesPostProcessor - Converting PropertySource springCloudClientHostInfo [org.springframework.core.env.MapPropertySource] to EncryptableMapPropertySourceWrapper
2018-01-04 04:51:00,127 INFO  c.u.j.EnableEncryptablePropertySourcesPostProcessor - Converting PropertySource defaultProperties [org.springframework.core.env.MapPropertySource] to EncryptableMapPropertySourceWrapper
2018-01-04 04:51:00,140 INFO  o.s.b.f.a.AutowiredAnnotationBeanPostProcessor - JSR-330 'javax.inject.Inject' annotation found and supported for autowiring
2018-01-04 04:51:00,188 INFO  o.s.c.s.PostProcessorRegistrationDelegate$BeanPostProcessorChecker - Bean 'org.springframework.cloud.autoconfigure.ConfigurationPropertiesRebinderAutoConfiguration' of type [class org.springframework.cloud.autoconfigure.ConfigurationPropertiesRebinderAutoConfiguration$$EnhancerBySpringCGLIB$$5657a801] is not eligible for getting processed by all BeanPostProcessors (for example: not eligible for auto-proxying)
2018-01-04 04:51:00,761 INFO  o.s.s.c.ThreadPoolTaskScheduler - Initializing ExecutorService  'taskScheduler'
2018-01-04 04:51:00,845 INFO  c.c.dashboard.config.MongoConfig - ReplicaSetfalse
2018-01-04 04:51:00,908 INFO  c.c.dashboard.config.MongoConfig - Initializing Mongo Client server at: localhost:27017
2018-01-04 04:51:00,936 INFO  org.mongodb.driver.cluster - Cluster created with settings {hosts=[localhost:27017], mode=SINGLE, requiredClusterType=UNKNOWN, serverSelectionTimeout='30000 ms', maxWaitQueueSize=500}
2018-01-04 04:51:01,029 INFO  c.c.dashboard.config.MongoConfig - Connecting to Mongo: Mongo{options=MongoClientOptions{description='null', readPreference=primary, writeConcern=WriteConcern{w=1, wtimeout=0, fsync=false, j=false, codecRegistry=org.bson.codecs.configuration.ProvidersCodecRegistry@c994fcc0, minConnectionsPerHost=0, maxConnectionsPerHost=100, threadsAllowedToBlockForConnectionMultiplier=5, serverSelectionTimeout=30000, maxWaitTime=120000, maxConnectionIdleTime=60000, maxConnectionLifeTime=0, connectTimeout=10000, socketTimeout=0, socketKeepAlive=false, sslEnabled=false, sslInvalidHostNamesAllowed=false, alwaysUseMBeans=false, heartbeatFrequency=10000, minHeartbeatFrequency=500, heartbeatConnectTimeout=20000, heartbeatSocketTimeout=20000, localThreshold=15, requiredReplicaSetName='null', dbDecoderFactory=com.mongodb.DefaultDBDecoder$1@38d3db47, dbEncoderFactory=com.mongodb.DefaultDBEncoder$1@3f7c9c3e, socketFactory=javax.net.DefaultSocketFactory@329cae36, cursorFinalizerEnabled=true, connectionPoolSettings=ConnectionPoolSettings{maxSize=100, minSize=0, maxWaitQueueSize=500, maxWaitTimeMS=120000, maxConnectionLifeTimeMS=0, maxConnectionIdleTimeMS=60000, maintenanceInitialDelayMS=0, maintenanceFrequencyMS=60000}, socketSettings=SocketSettings{connectTimeoutMS=10000, readTimeoutMS=0, keepAlive=false, receiveBufferSize=0, sendBufferSize=0}, serverSettings=ServerSettings{heartbeatFrequencyMS=10000, minHeartbeatFrequencyMS=500}, heartbeatSocketSettings=SocketSettings{connectTimeoutMS=20000, readTimeoutMS=20000, keepAlive=false, receiveBufferSize=0, sendBufferSize=0}}}
2018-01-04 04:51:01,402 INFO  org.mongodb.driver.connection - Opened connection [connectionId{localValue:1, serverValue:1116}] to localhost:27017
2018-01-04 04:51:01,403 INFO  org.mongodb.driver.cluster - Monitor thread successfully connected to server with description ServerDescription{address=localhost:27017, type=STANDALONE, state=CONNECTED, ok=true, version=ServerVersion{versionList=[3, 6, 1]}, minWireVersion=0, maxWireVersion=6, electionId=null, maxDocumentSize=16777216, roundTripTimeNanos=522002}
2018-01-04 04:51:01,482 INFO  org.mongodb.driver.connection - Opened connection [connectionId{localValue:2, serverValue:1117}] to localhost:27017
2018-01-04 04:51:01,921 INFO  c.c.dashboard.config.MongoConfig - ReplicaSetfalse
2018-01-04 04:51:01,921 INFO  c.c.dashboard.config.MongoConfig - Initializing Mongo Client server at: localhost:27017
2018-01-04 04:51:01,922 INFO  org.mongodb.driver.cluster - Cluster created with settings {hosts=[localhost:27017], mode=SINGLE, requiredClusterType=UNKNOWN, serverSelectionTimeout='30000 ms', maxWaitQueueSize=500}
2018-01-04 04:51:01,924 INFO  c.c.dashboard.config.MongoConfig - Connecting to Mongo: Mongo{options=MongoClientOptions{description='null', readPreference=primary, writeConcern=WriteConcern{w=1, wtimeout=0, fsync=false, j=false, codecRegistry=org.bson.codecs.configuration.ProvidersCodecRegistry@c994fcc0, minConnectionsPerHost=0, maxConnectionsPerHost=100, threadsAllowedToBlockForConnectionMultiplier=5, serverSelectionTimeout=30000, maxWaitTime=120000, maxConnectionIdleTime=60000, maxConnectionLifeTime=0, connectTimeout=10000, socketTimeout=0, socketKeepAlive=false, sslEnabled=false, sslInvalidHostNamesAllowed=false, alwaysUseMBeans=false, heartbeatFrequency=10000, minHeartbeatFrequency=500, heartbeatConnectTimeout=20000, heartbeatSocketTimeout=20000, localThreshold=15, requiredReplicaSetName='null', dbDecoderFactory=com.mongodb.DefaultDBDecoder$1@38d3db47, dbEncoderFactory=com.mongodb.DefaultDBEncoder$1@3f7c9c3e, socketFactory=javax.net.DefaultSocketFactory@329cae36, cursorFinalizerEnabled=true, connectionPoolSettings=ConnectionPoolSettings{maxSize=100, minSize=0, maxWaitQueueSize=500, maxWaitTimeMS=120000, maxConnectionLifeTimeMS=0, maxConnectionIdleTimeMS=60000, maintenanceInitialDelayMS=0, maintenanceFrequencyMS=60000}, socketSettings=SocketSettings{connectTimeoutMS=10000, readTimeoutMS=0, keepAlive=false, receiveBufferSize=0, sendBufferSize=0}, serverSettings=ServerSettings{heartbeatFrequencyMS=10000, minHeartbeatFrequencyMS=500}, heartbeatSocketSettings=SocketSettings{connectTimeoutMS=20000, readTimeoutMS=20000, keepAlive=false, receiveBufferSize=0, sendBufferSize=0}}}
2018-01-04 04:51:01,935 INFO  c.c.dashboard.config.MongoConfig - ReplicaSetfalse
2018-01-04 04:51:01,935 INFO  c.c.dashboard.config.MongoConfig - Initializing Mongo Client server at: localhost:27017
2018-01-04 04:51:01,935 INFO  org.mongodb.driver.cluster - Cluster created with settings {hosts=[localhost:27017], mode=SINGLE, requiredClusterType=UNKNOWN, serverSelectionTimeout='30000 ms', maxWaitQueueSize=500}
2018-01-04 04:51:01,954 INFO  c.c.dashboard.config.MongoConfig - Connecting to Mongo: Mongo{options=MongoClientOptions{description='null', readPreference=primary, writeConcern=WriteConcern{w=1, wtimeout=0, fsync=false, j=false, codecRegistry=org.bson.codecs.configuration.ProvidersCodecRegistry@c994fcc0, minConnectionsPerHost=0, maxConnectionsPerHost=100, threadsAllowedToBlockForConnectionMultiplier=5, serverSelectionTimeout=30000, maxWaitTime=120000, maxConnectionIdleTime=60000, maxConnectionLifeTime=0, connectTimeout=10000, socketTimeout=0, socketKeepAlive=false, sslEnabled=false, sslInvalidHostNamesAllowed=false, alwaysUseMBeans=false, heartbeatFrequency=10000, minHeartbeatFrequency=500, heartbeatConnectTimeout=20000, heartbeatSocketTimeout=20000, localThreshold=15, requiredReplicaSetName='null', dbDecoderFactory=com.mongodb.DefaultDBDecoder$1@38d3db47, dbEncoderFactory=com.mongodb.DefaultDBEncoder$1@3f7c9c3e, socketFactory=javax.net.DefaultSocketFactory@329cae36, cursorFinalizerEnabled=true, connectionPoolSettings=ConnectionPoolSettings{maxSize=100, minSize=0, maxWaitQueueSize=500, maxWaitTimeMS=120000, maxConnectionLifeTimeMS=0, maxConnectionIdleTimeMS=60000, maintenanceInitialDelayMS=0, maintenanceFrequencyMS=60000}, socketSettings=SocketSettings{connectTimeoutMS=10000, readTimeoutMS=0, keepAlive=false, receiveBufferSize=0, sendBufferSize=0}, serverSettings=ServerSettings{heartbeatFrequencyMS=10000, minHeartbeatFrequencyMS=500}, heartbeatSocketSettings=SocketSettings{connectTimeoutMS=20000, readTimeoutMS=20000, keepAlive=false, receiveBufferSize=0, sendBufferSize=0}}}
2018-01-04 04:51:02,031 INFO  org.mongodb.driver.connection - Opened connection [connectionId{localValue:3, serverValue:1118}] to localhost:27017
2018-01-04 04:51:02,035 INFO  org.mongodb.driver.cluster - Monitor thread successfully connected to server with description ServerDescription{address=localhost:27017, type=STANDALONE, state=CONNECTED, ok=true, version=ServerVersion{versionList=[3, 6, 1]}, minWireVersion=0, maxWireVersion=6, electionId=null, maxDocumentSize=16777216, roundTripTimeNanos=2840412}
2018-01-04 04:51:02,151 INFO  org.mongodb.driver.connection - Opened connection [connectionId{localValue:4, serverValue:1119}] to localhost:27017
2018-01-04 04:51:02,154 INFO  org.mongodb.driver.cluster - Monitor thread successfully connected to server with description ServerDescription{address=localhost:27017, type=STANDALONE, state=CONNECTED, ok=true, version=ServerVersion{versionList=[3, 6, 1]}, minWireVersion=0, maxWireVersion=6, electionId=null, maxDocumentSize=16777216, roundTripTimeNanos=3149613}
2018-01-04 04:51:02,517 INFO  c.c.dashboard.config.MongoConfig - ReplicaSetfalse
2018-01-04 04:51:02,518 INFO  c.c.dashboard.config.MongoConfig - Initializing Mongo Client server at: localhost:27017
2018-01-04 04:51:02,520 INFO  org.mongodb.driver.cluster - Cluster created with settings {hosts=[localhost:27017], mode=SINGLE, requiredClusterType=UNKNOWN, serverSelectionTimeout='30000 ms', maxWaitQueueSize=500}
2018-01-04 04:51:02,522 INFO  c.c.dashboard.config.MongoConfig - Connecting to Mongo: Mongo{options=MongoClientOptions{description='null', readPreference=primary, writeConcern=WriteConcern{w=1, wtimeout=0, fsync=false, j=false, codecRegistry=org.bson.codecs.configuration.ProvidersCodecRegistry@c994fcc0, minConnectionsPerHost=0, maxConnectionsPerHost=100, threadsAllowedToBlockForConnectionMultiplier=5, serverSelectionTimeout=30000, maxWaitTime=120000, maxConnectionIdleTime=60000, maxConnectionLifeTime=0, connectTimeout=10000, socketTimeout=0, socketKeepAlive=false, sslEnabled=false, sslInvalidHostNamesAllowed=false, alwaysUseMBeans=false, heartbeatFrequency=10000, minHeartbeatFrequency=500, heartbeatConnectTimeout=20000, heartbeatSocketTimeout=20000, localThreshold=15, requiredReplicaSetName='null', dbDecoderFactory=com.mongodb.DefaultDBDecoder$1@38d3db47, dbEncoderFactory=com.mongodb.DefaultDBEncoder$1@3f7c9c3e, socketFactory=javax.net.DefaultSocketFactory@329cae36, cursorFinalizerEnabled=true, connectionPoolSettings=ConnectionPoolSettings{maxSize=100, minSize=0, maxWaitQueueSize=500, maxWaitTimeMS=120000, maxConnectionLifeTimeMS=0, maxConnectionIdleTimeMS=60000, maintenanceInitialDelayMS=0, maintenanceFrequencyMS=60000}, socketSettings=SocketSettings{connectTimeoutMS=10000, readTimeoutMS=0, keepAlive=false, receiveBufferSize=0, sendBufferSize=0}, serverSettings=ServerSettings{heartbeatFrequencyMS=10000, minHeartbeatFrequencyMS=500}, heartbeatSocketSettings=SocketSettings{connectTimeoutMS=20000, readTimeoutMS=20000, keepAlive=false, receiveBufferSize=0, sendBufferSize=0}}}
2018-01-04 04:51:02,597 INFO  org.mongodb.driver.connection - Opened connection [connectionId{localValue:5, serverValue:1120}] to localhost:27017
2018-01-04 04:51:02,598 INFO  org.mongodb.driver.cluster - Monitor thread successfully connected to server with description ServerDescription{address=localhost:27017, type=STANDALONE, state=CONNECTED, ok=true, version=ServerVersion{versionList=[3, 6, 1]}, minWireVersion=0, maxWireVersion=6, electionId=null, maxDocumentSize=16777216, roundTripTimeNanos=337701}
2018-01-04 04:51:03,540 INFO  o.s.j.e.a.AnnotationMBeanExporter - Registering beans for JMX exposure on startup
2018-01-04 04:51:03,555 INFO  o.s.j.e.a.AnnotationMBeanExporter - Bean with name 'configurationPropertiesRebinder' has been autodetected for JMX exposure
2018-01-04 04:51:03,556 INFO  o.s.j.e.a.AnnotationMBeanExporter - Bean with name 'environmentManager' has been autodetected for JMX exposure
2018-01-04 04:51:03,557 INFO  o.s.j.e.a.AnnotationMBeanExporter - Bean with name 'refreshScope' has been autodetected for JMX exposure
2018-01-04 04:51:03,559 INFO  o.s.j.e.a.AnnotationMBeanExporter - Located managed bean 'environmentManager': registering with JMX server as MBean [org.springframework.cloud.context.environment:name=environmentManager,type=EnvironmentManager]
2018-01-04 04:51:03,743 INFO  o.s.j.e.a.AnnotationMBeanExporter - Located managed bean 'refreshScope': registering with JMX server as MBean [org.springframework.cloud.context.scope.refresh:name=refreshScope,type=RefreshScope]
2018-01-04 04:51:03,754 INFO  o.s.j.e.a.AnnotationMBeanExporter - Located managed bean 'configurationPropertiesRebinder': registering with JMX server as MBean [org.springframework.cloud.context.properties:name=configurationPropertiesRebinder,context=1f63e00d,type=ConfigurationPropertiesRebinder]
2018-01-04 04:51:03,826 INFO  com.capitalone.dashboard.Application - Started Application in 6.798 seconds (JVM running for 7.599)
2018-01-04 04:52:00,000 INFO  c.c.d.collector.CollectorTask - Running Collector: Bitbucket
2018-01-04 04:52:00,014 INFO  c.c.d.collector.CollectorTask - -----------------------------------
2018-01-04 04:52:00,015 INFO  c.c.d.collector.CollectorTask - Starting...
2018-01-04 04:52:00,015 INFO  c.c.d.collector.CollectorTask - -----------------------------------
2018-01-04 04:52:00,233 INFO  c.c.d.collector.CollectorTask - Repo Count              1        0s
2018-01-04 04:52:00,234 INFO  c.c.d.collector.CollectorTask - New Commits             0        0s
2018-01-04 04:52:00,234 INFO  c.c.d.collector.CollectorTask - Finished                         0s
2018-01-04 04:53:00,000 INFO  c.c.d.collector.CollectorTask - Running Collector: Bitbucket
2018-01-04 04:53:00,005 INFO  c.c.d.collector.CollectorTask - -----------------------------------
2018-01-04 04:53:00,005 INFO  c.c.d.collector.CollectorTask - Starting...
2018-01-04 04:53:00,005 INFO  c.c.d.collector.CollectorTask - -----------------------------------
2018-01-04 04:53:00,053 INFO  c.c.d.collector.CollectorTask - Repo Count              1        0s
2018-01-04 04:53:00,053 INFO  c.c.d.collector.CollectorTask - New Commits             0        0s
2018-01-04 04:53:00,053 INFO  c.c.d.collector.CollectorTask - Finished                         0s
2018-01-04 04:54:00,000 INFO  c.c.d.collector.CollectorTask - Running Collector: Bitbucket
2018-01-04 04:54:00,010 INFO  c.c.d.collector.CollectorTask - -----------------------------------
2018-01-04 04:54:00,010 INFO  c.c.d.collector.CollectorTask - Starting...
2018-01-04 04:54:00,010 INFO  c.c.d.collector.CollectorTask - -----------------------------------
2018-01-04 04:54:00,061 INFO  c.c.d.collector.CollectorTask - Repo Count              1        0s
2018-01-04 04:54:00,061 INFO  c.c.d.collector.CollectorTask - New Commits             0        0s
2018-01-04 04:54:00,061 INFO  c.c.d.collector.CollectorTask - Finished                         0s
2018-01-04 04:55:00,000 INFO  c.c.d.collector.CollectorTask - Running Collector: Bitbucket
2018-01-04 04:55:00,006 INFO  c.c.d.collector.CollectorTask - -----------------------------------
2018-01-04 04:55:00,006 INFO  c.c.d.collector.CollectorTask - Starting...
2018-01-04 04:55:00,006 INFO  c.c.d.collector.CollectorTask - -----------------------------------
2018-01-04 04:55:00,123 INFO  c.c.d.collector.CollectorTask - Repo Count              1        0s
2018-01-04 04:55:00,123 INFO  c.c.d.collector.CollectorTask - New Commits             0        0s
2018-01-04 04:55:00,123 INFO  c.c.d.collector.CollectorTask - Finished                         0s
2018-01-04 04:56:00,001 INFO  c.c.d.collector.CollectorTask - Running Collector: Bitbucket
2018-01-04 04:56:00,007 INFO  c.c.d.collector.CollectorTask - -----------------------------------
2018-01-04 04:56:00,007 INFO  c.c.d.collector.CollectorTask - Starting...
2018-01-04 04:56:00,007 INFO  c.c.d.collector.CollectorTask - -----------------------------------
2018-01-04 04:56:00,063 INFO  c.c.d.collector.CollectorTask - Repo Count              1        0s
2018-01-04 04:56:00,063 INFO  c.c.d.collector.CollectorTask - New Commits             0        0s
2018-01-04 04:56:00,064 INFO  c.c.d.collector.CollectorTask - Finished                         0s
2018-01-04 04:57:00,000 INFO  c.c.d.collector.CollectorTask - Running Collector: Bitbucket
2018-01-04 04:57:00,004 INFO  c.c.d.collector.CollectorTask - -----------------------------------
2018-01-04 04:57:00,004 INFO  c.c.d.collector.CollectorTask - Starting...
2018-01-04 04:57:00,005 INFO  c.c.d.collector.CollectorTask - -----------------------------------
2018-01-04 04:57:00,058 INFO  c.c.d.collector.CollectorTask - Repo Count              1        0s
2018-01-04 04:57:00,058 INFO  c.c.d.collector.CollectorTask - New Commits             0        0s
2018-01-04 04:57:00,058 INFO  c.c.d.collector.CollectorTask - Finished                         0s
2018-01-04 04:58:00,000 INFO  c.c.d.collector.CollectorTask - Running Collector: Bitbucket
2018-01-04 04:58:00,005 INFO  c.c.d.collector.CollectorTask - -----------------------------------
2018-01-04 04:58:00,005 INFO  c.c.d.collector.CollectorTask - Starting...
2018-01-04 04:58:00,005 INFO  c.c.d.collector.CollectorTask - -----------------------------------
2018-01-04 04:58:00,057 INFO  c.c.d.collector.CollectorTask - Repo Count              1        0s
2018-01-04 04:58:00,057 INFO  c.c.d.collector.CollectorTask - New Commits             0        0s
2018-01-04 04:58:00,057 INFO  c.c.d.collector.CollectorTask - Finished                         0s
2018-01-04 04:59:00,000 INFO  c.c.d.collector.CollectorTask - Running Collector: Bitbucket
2018-01-04 04:59:00,005 INFO  c.c.d.collector.CollectorTask - -----------------------------------
2018-01-04 04:59:00,005 INFO  c.c.d.collector.CollectorTask - Starting...
2018-01-04 04:59:00,005 INFO  c.c.d.collector.CollectorTask - -----------------------------------
2018-01-04 04:59:00,060 INFO  c.c.d.collector.CollectorTask - Repo Count              1        0s
2018-01-04 04:59:00,060 INFO  c.c.d.collector.CollectorTask - New Commits             0        0s
2018-01-04 04:59:00,060 INFO  c.c.d.collector.CollectorTask - Finished                         0s
2018-01-04 05:00:00,001 INFO  c.c.d.collector.CollectorTask - Running Collector: Bitbucket
2018-01-04 05:00:00,008 INFO  c.c.d.collector.CollectorTask - -----------------------------------
2018-01-04 05:00:00,010 INFO  c.c.d.collector.CollectorTask - Starting...
2018-01-04 05:00:00,010 INFO  c.c.d.collector.CollectorTask - -----------------------------------
2018-01-04 05:00:00,173 INFO  c.c.d.collector.CollectorTask - Repo Count              1        0s
2018-01-04 05:00:00,174 INFO  c.c.d.collector.CollectorTask - New Commits             0        0s
2018-01-04 05:00:00,175 INFO  c.c.d.collector.CollectorTask - Finished                         0s
2018-01-04 05:01:00,000 INFO  c.c.d.collector.CollectorTask - Running Collector: Bitbucket
2018-01-04 05:01:00,006 INFO  c.c.d.collector.CollectorTask - -----------------------------------
2018-01-04 05:01:00,007 INFO  c.c.d.collector.CollectorTask - Starting...
2018-01-04 05:01:00,007 INFO  c.c.d.collector.CollectorTask - -----------------------------------
2018-01-04 05:01:00,056 INFO  c.c.d.collector.CollectorTask - Repo Count              1        0s
2018-01-04 05:01:00,056 INFO  c.c.d.collector.CollectorTask - New Commits             0        0s
2018-01-04 05:01:00,056 INFO  c.c.d.collector.CollectorTask - Finished                         0s
2018-01-04 05:02:00,001 INFO  c.c.d.collector.CollectorTask - Running Collector: Bitbucket
2018-01-04 05:02:00,004 INFO  c.c.d.collector.CollectorTask - -----------------------------------
2018-01-04 05:02:00,004 INFO  c.c.d.collector.CollectorTask - Starting...
2018-01-04 05:02:00,004 INFO  c.c.d.collector.CollectorTask - -----------------------------------
2018-01-04 05:02:00,054 INFO  c.c.d.collector.CollectorTask - Repo Count              1        0s
2018-01-04 05:02:00,054 INFO  c.c.d.collector.CollectorTask - New Commits             0        0s
2018-01-04 05:02:00,054 INFO  c.c.d.collector.CollectorTask - Finished                         0s
2018-01-04 05:03:00,001 INFO  c.c.d.collector.CollectorTask - Running Collector: Bitbucket
2018-01-04 05:03:00,003 INFO  c.c.d.collector.CollectorTask - -----------------------------------
2018-01-04 05:03:00,004 INFO  c.c.d.collector.CollectorTask - Starting...
2018-01-04 05:03:00,004 INFO  c.c.d.collector.CollectorTask - -----------------------------------
2018-01-04 05:03:00,049 INFO  c.c.d.collector.CollectorTask - Repo Count              1        0s
2018-01-04 05:03:00,049 INFO  c.c.d.collector.CollectorTask - New Commits             0        0s
2018-01-04 05:03:00,049 INFO  c.c.d.collector.CollectorTask - Finished                         0s
2018-01-04 05:04:00,001 INFO  c.c.d.collector.CollectorTask - Running Collector: Bitbucket
2018-01-04 05:04:00,006 INFO  c.c.d.collector.CollectorTask - -----------------------------------
2018-01-04 05:04:00,006 INFO  c.c.d.collector.CollectorTask - Starting...
2018-01-04 05:04:00,006 INFO  c.c.d.collector.CollectorTask - -----------------------------------
2018-01-04 05:04:00,057 INFO  c.c.d.collector.CollectorTask - Repo Count              1        0s
2018-01-04 05:04:00,058 INFO  c.c.d.collector.CollectorTask - New Commits             0        0s
2018-01-04 05:04:00,058 INFO  c.c.d.collector.CollectorTask - Finished                         0s
2018-01-04 05:05:00,001 INFO  c.c.d.collector.CollectorTask - Running Collector: Bitbucket
2018-01-04 05:05:00,010 INFO  c.c.d.collector.CollectorTask - -----------------------------------
2018-01-04 05:05:00,011 INFO  c.c.d.collector.CollectorTask - Starting...
2018-01-04 05:05:00,011 INFO  c.c.d.collector.CollectorTask - -----------------------------------
2018-01-04 05:05:00,187 INFO  c.c.d.collector.CollectorTask - Repo Count              1        0s
2018-01-04 05:05:00,187 INFO  c.c.d.collector.CollectorTask - New Commits             0        0s
2018-01-04 05:05:00,187 INFO  c.c.d.collector.CollectorTask - Finished                         0s
2018-01-04 05:06:00,001 INFO  c.c.d.collector.CollectorTask - Running Collector: Bitbucket
2018-01-04 05:06:00,004 INFO  c.c.d.collector.CollectorTask - -----------------------------------
2018-01-04 05:06:00,004 INFO  c.c.d.collector.CollectorTask - Starting...
2018-01-04 05:06:00,005 INFO  c.c.d.collector.CollectorTask - -----------------------------------
2018-01-04 05:06:00,075 INFO  c.c.d.collector.CollectorTask - Repo Count              1        0s
2018-01-04 05:06:00,075 INFO  c.c.d.collector.CollectorTask - New Commits             0        0s
2018-01-04 05:06:00,075 INFO  c.c.d.collector.CollectorTask - Finished                         0s
2018-01-04 05:07:00,000 INFO  c.c.d.collector.CollectorTask - Running Collector: Bitbucket
2018-01-04 05:07:00,003 INFO  c.c.d.collector.CollectorTask - -----------------------------------
2018-01-04 05:07:00,003 INFO  c.c.d.collector.CollectorTask - Starting...
2018-01-04 05:07:00,004 INFO  c.c.d.collector.CollectorTask - -----------------------------------
2018-01-04 05:07:00,071 INFO  c.c.d.collector.CollectorTask - Repo Count              1        0s
2018-01-04 05:07:00,071 INFO  c.c.d.collector.CollectorTask - New Commits             0        0s
2018-01-04 05:07:00,072 INFO  c.c.d.collector.CollectorTask - Finished                         0s
2018-01-04 05:08:00,000 INFO  c.c.d.collector.CollectorTask - Running Collector: Bitbucket
2018-01-04 05:08:00,003 INFO  c.c.d.collector.CollectorTask - -----------------------------------
2018-01-04 05:08:00,003 INFO  c.c.d.collector.CollectorTask - Starting...
2018-01-04 05:08:00,003 INFO  c.c.d.collector.CollectorTask - -----------------------------------
2018-01-04 05:08:00,047 INFO  c.c.d.collector.CollectorTask - Repo Count              1        0s
2018-01-04 05:08:00,048 INFO  c.c.d.collector.CollectorTask - New Commits             0        0s
2018-01-04 05:08:00,048 INFO  c.c.d.collector.CollectorTask - Finished                         0s
2018-01-04 05:09:00,000 INFO  c.c.d.collector.CollectorTask - Running Collector: Bitbucket
2018-01-04 05:09:00,003 INFO  c.c.d.collector.CollectorTask - -----------------------------------
2018-01-04 05:09:00,003 INFO  c.c.d.collector.CollectorTask - Starting...
2018-01-04 05:09:00,003 INFO  c.c.d.collector.CollectorTask - -----------------------------------
2018-01-04 05:09:00,047 INFO  c.c.d.collector.CollectorTask - Repo Count              1        0s
2018-01-04 05:09:00,047 INFO  c.c.d.collector.CollectorTask - New Commits             0        0s
2018-01-04 05:09:00,047 INFO  c.c.d.collector.CollectorTask - Finished                         0s
2018-01-04 05:10:00,001 INFO  c.c.d.collector.CollectorTask - Running Collector: Bitbucket
2018-01-04 05:10:00,007 INFO  c.c.d.collector.CollectorTask - -----------------------------------
2018-01-04 05:10:00,011 INFO  c.c.d.collector.CollectorTask - Starting...
2018-01-04 05:10:00,011 INFO  c.c.d.collector.CollectorTask - -----------------------------------
2018-01-04 05:10:00,112 INFO  c.c.d.collector.CollectorTask - Repo Count              1        0s
2018-01-04 05:10:00,112 INFO  c.c.d.collector.CollectorTask - New Commits             0        0s
2018-01-04 05:10:00,114 INFO  c.c.d.collector.CollectorTask - Finished                         0s
2018-01-04 05:11:00,001 INFO  c.c.d.collector.CollectorTask - Running Collector: Bitbucket
2018-01-04 05:11:00,004 INFO  c.c.d.collector.CollectorTask - -----------------------------------
2018-01-04 05:11:00,004 INFO  c.c.d.collector.CollectorTask - Starting...
2018-01-04 05:11:00,004 INFO  c.c.d.collector.CollectorTask - -----------------------------------
2018-01-04 05:11:00,051 INFO  c.c.d.collector.CollectorTask - Repo Count              1        0s
2018-01-04 05:11:00,051 INFO  c.c.d.collector.CollectorTask - New Commits             0        0s
2018-01-04 05:11:00,051 INFO  c.c.d.collector.CollectorTask - Finished                         0s
2018-01-04 05:12:00,000 INFO  c.c.d.collector.CollectorTask - Running Collector: Bitbucket
2018-01-04 05:12:00,003 INFO  c.c.d.collector.CollectorTask - -----------------------------------
2018-01-04 05:12:00,004 INFO  c.c.d.collector.CollectorTask - Starting...
2018-01-04 05:12:00,004 INFO  c.c.d.collector.CollectorTask - -----------------------------------
2018-01-04 05:12:00,056 INFO  c.c.d.collector.CollectorTask - Repo Count              1        0s
2018-01-04 05:12:00,056 INFO  c.c.d.collector.CollectorTask - New Commits             0        0s
2018-01-04 05:12:00,056 INFO  c.c.d.collector.CollectorTask - Finished                         0s
2018-01-04 05:13:00,001 INFO  c.c.d.collector.CollectorTask - Running Collector: Bitbucket
2018-01-04 05:13:00,003 INFO  c.c.d.collector.CollectorTask - -----------------------------------
2018-01-04 05:13:00,003 INFO  c.c.d.collector.CollectorTask - Starting...
2018-01-04 05:13:00,003 INFO  c.c.d.collector.CollectorTask - -----------------------------------
2018-01-04 05:13:00,058 INFO  c.c.d.collector.CollectorTask - Repo Count              1        0s
2018-01-04 05:13:00,058 INFO  c.c.d.collector.CollectorTask - New Commits             0        0s
2018-01-04 05:13:00,058 INFO  c.c.d.collector.CollectorTask - Finished                         0s
2018-01-04 05:14:00,000 INFO  c.c.d.collector.CollectorTask - Running Collector: Bitbucket
2018-01-04 05:14:00,003 INFO  c.c.d.collector.CollectorTask - -----------------------------------
2018-01-04 05:14:00,003 INFO  c.c.d.collector.CollectorTask - Starting...
2018-01-04 05:14:00,003 INFO  c.c.d.collector.CollectorTask - -----------------------------------
2018-01-04 05:14:00,047 INFO  c.c.d.collector.CollectorTask - Repo Count              1        0s
2018-01-04 05:14:00,048 INFO  c.c.d.collector.CollectorTask - New Commits             0        0s
2018-01-04 05:14:00,048 INFO  c.c.d.collector.CollectorTask - Finished                         0s
2018-01-04 05:15:00,001 INFO  c.c.d.collector.CollectorTask - Running Collector: Bitbucket
2018-01-04 05:15:00,014 INFO  c.c.d.collector.CollectorTask - -----------------------------------
2018-01-04 05:15:00,014 INFO  c.c.d.collector.CollectorTask - Starting...
2018-01-04 05:15:00,014 INFO  c.c.d.collector.CollectorTask - -----------------------------------
2018-01-04 05:15:00,185 INFO  c.c.d.collector.CollectorTask - Repo Count              1        0s
2018-01-04 05:15:00,185 INFO  c.c.d.collector.CollectorTask - New Commits             0        0s
2018-01-04 05:15:00,185 INFO  c.c.d.collector.CollectorTask - Finished                         0s
2018-01-04 05:16:00,000 INFO  c.c.d.collector.CollectorTask - Running Collector: Bitbucket
2018-01-04 05:16:00,003 INFO  c.c.d.collector.CollectorTask - -----------------------------------
2018-01-04 05:16:00,003 INFO  c.c.d.collector.CollectorTask - Starting...
2018-01-04 05:16:00,004 INFO  c.c.d.collector.CollectorTask - -----------------------------------
2018-01-04 05:16:00,049 INFO  c.c.d.collector.CollectorTask - Repo Count              1        0s
2018-01-04 05:16:00,049 INFO  c.c.d.collector.CollectorTask - New Commits             0        0s
2018-01-04 05:16:00,050 INFO  c.c.d.collector.CollectorTask - Finished                         0s
2018-01-04 05:17:00,000 INFO  c.c.d.collector.CollectorTask - Running Collector: Bitbucket
2018-01-04 05:17:00,005 INFO  c.c.d.collector.CollectorTask - -----------------------------------
2018-01-04 05:17:00,005 INFO  c.c.d.collector.CollectorTask - Starting...
2018-01-04 05:17:00,005 INFO  c.c.d.collector.CollectorTask - -----------------------------------
2018-01-04 05:17:00,051 INFO  c.c.d.collector.CollectorTask - Repo Count              1        0s
2018-01-04 05:17:00,051 INFO  c.c.d.collector.CollectorTask - New Commits             0        0s
2018-01-04 05:17:00,051 INFO  c.c.d.collector.CollectorTask - Finished                         0s
2018-01-04 05:18:00,000 INFO  c.c.d.collector.CollectorTask - Running Collector: Bitbucket
2018-01-04 05:18:00,005 INFO  c.c.d.collector.CollectorTask - -----------------------------------
2018-01-04 05:18:00,005 INFO  c.c.d.collector.CollectorTask - Starting...
2018-01-04 05:18:00,005 INFO  c.c.d.collector.CollectorTask - -----------------------------------
2018-01-04 05:18:00,051 INFO  c.c.d.collector.CollectorTask - Repo Count              1        0s
2018-01-04 05:18:00,051 INFO  c.c.d.collector.CollectorTask - New Commits             0        0s
2018-01-04 05:18:00,051 INFO  c.c.d.collector.CollectorTask - Finished                         0s
2018-01-04 05:19:00,000 INFO  c.c.d.collector.CollectorTask - Running Collector: Bitbucket
2018-01-04 05:19:00,003 INFO  c.c.d.collector.CollectorTask - -----------------------------------
2018-01-04 05:19:00,003 INFO  c.c.d.collector.CollectorTask - Starting...
2018-01-04 05:19:00,003 INFO  c.c.d.collector.CollectorTask - -----------------------------------
2018-01-04 05:19:00,051 INFO  c.c.d.collector.CollectorTask - Repo Count              1        0s
2018-01-04 05:19:00,052 INFO  c.c.d.collector.CollectorTask - New Commits             0        0s
2018-01-04 05:19:00,052 INFO  c.c.d.collector.CollectorTask - Finished                         0s
2018-01-04 05:20:00,000 INFO  c.c.d.collector.CollectorTask - Running Collector: Bitbucket
2018-01-04 05:20:00,011 INFO  c.c.d.collector.CollectorTask - -----------------------------------
2018-01-04 05:20:00,014 INFO  c.c.d.collector.CollectorTask - Starting...
2018-01-04 05:20:00,014 INFO  c.c.d.collector.CollectorTask - -----------------------------------
2018-01-04 05:20:00,296 INFO  c.c.d.collector.CollectorTask - Repo Count              1        0s
2018-01-04 05:20:00,296 INFO  c.c.d.collector.CollectorTask - New Commits             0        0s
2018-01-04 05:20:00,297 INFO  c.c.d.collector.CollectorTask - Finished                         0s
2018-01-04 05:21:00,001 INFO  c.c.d.collector.CollectorTask - Running Collector: Bitbucket
2018-01-04 05:21:00,003 INFO  c.c.d.collector.CollectorTask - -----------------------------------
2018-01-04 05:21:00,003 INFO  c.c.d.collector.CollectorTask - Starting...
2018-01-04 05:21:00,003 INFO  c.c.d.collector.CollectorTask - -----------------------------------
2018-01-04 05:21:00,047 INFO  c.c.d.collector.CollectorTask - Repo Count              1        0s
2018-01-04 05:21:00,047 INFO  c.c.d.collector.CollectorTask - New Commits             0        0s
2018-01-04 05:21:00,047 INFO  c.c.d.collector.CollectorTask - Finished                         0s
2018-01-04 05:22:00,000 INFO  c.c.d.collector.CollectorTask - Running Collector: Bitbucket
2018-01-04 05:22:00,002 INFO  c.c.d.collector.CollectorTask - -----------------------------------
2018-01-04 05:22:00,002 INFO  c.c.d.collector.CollectorTask - Starting...
2018-01-04 05:22:00,003 INFO  c.c.d.collector.CollectorTask - -----------------------------------
2018-01-04 05:22:00,058 INFO  c.c.d.collector.CollectorTask - Repo Count              1        0s
2018-01-04 05:22:00,059 INFO  c.c.d.collector.CollectorTask - New Commits             0        0s
2018-01-04 05:22:00,059 INFO  c.c.d.collector.CollectorTask - Finished                         0s
2018-01-04 05:23:00,000 INFO  c.c.d.collector.CollectorTask - Running Collector: Bitbucket
2018-01-04 05:23:00,003 INFO  c.c.d.collector.CollectorTask - -----------------------------------
2018-01-04 05:23:00,003 INFO  c.c.d.collector.CollectorTask - Starting...
2018-01-04 05:23:00,003 INFO  c.c.d.collector.CollectorTask - -----------------------------------
2018-01-04 05:23:00,045 INFO  c.c.d.collector.CollectorTask - Repo Count              1        0s
2018-01-04 05:23:00,045 INFO  c.c.d.collector.CollectorTask - New Commits             0        0s
2018-01-04 05:23:00,046 INFO  c.c.d.collector.CollectorTask - Finished                         0s
2018-01-04 05:24:00,000 INFO  c.c.d.collector.CollectorTask - Running Collector: Bitbucket
2018-01-04 05:24:00,002 INFO  c.c.d.collector.CollectorTask - -----------------------------------
2018-01-04 05:24:00,003 INFO  c.c.d.collector.CollectorTask - Starting...
2018-01-04 05:24:00,003 INFO  c.c.d.collector.CollectorTask - -----------------------------------
2018-01-04 05:24:00,061 INFO  c.c.d.collector.CollectorTask - Repo Count              1        0s
2018-01-04 05:24:00,061 INFO  c.c.d.collector.CollectorTask - New Commits             0        0s
2018-01-04 05:24:00,061 INFO  c.c.d.collector.CollectorTask - Finished                         0s
2018-01-04 05:25:00,001 INFO  c.c.d.collector.CollectorTask - Running Collector: Bitbucket
2018-01-04 05:25:00,007 INFO  c.c.d.collector.CollectorTask - -----------------------------------
2018-01-04 05:25:00,008 INFO  c.c.d.collector.CollectorTask - Starting...
2018-01-04 05:25:00,008 INFO  c.c.d.collector.CollectorTask - -----------------------------------
2018-01-04 05:25:00,173 INFO  c.c.d.collector.CollectorTask - Repo Count              1        0s
2018-01-04 05:25:00,174 INFO  c.c.d.collector.CollectorTask - New Commits             0        0s
2018-01-04 05:25:00,175 INFO  c.c.d.collector.CollectorTask - Finished                         0s
2018-01-04 05:26:00,001 INFO  c.c.d.collector.CollectorTask - Running Collector: Bitbucket
2018-01-04 05:26:00,003 INFO  c.c.d.collector.CollectorTask - -----------------------------------
2018-01-04 05:26:00,003 INFO  c.c.d.collector.CollectorTask - Starting...
2018-01-04 05:26:00,003 INFO  c.c.d.collector.CollectorTask - -----------------------------------
2018-01-04 05:26:00,055 INFO  c.c.d.collector.CollectorTask - Repo Count              1        0s
2018-01-04 05:26:00,055 INFO  c.c.d.collector.CollectorTask - New Commits             0        0s
2018-01-04 05:26:00,055 INFO  c.c.d.collector.CollectorTask - Finished                         0s
2018-01-04 05:27:00,000 INFO  c.c.d.collector.CollectorTask - Running Collector: Bitbucket
2018-01-04 05:27:00,003 INFO  c.c.d.collector.CollectorTask - -----------------------------------
2018-01-04 05:27:00,003 INFO  c.c.d.collector.CollectorTask - Starting...
2018-01-04 05:27:00,003 INFO  c.c.d.collector.CollectorTask - -----------------------------------
2018-01-04 05:27:00,048 INFO  c.c.d.collector.CollectorTask - Repo Count              1        0s
2018-01-04 05:27:00,048 INFO  c.c.d.collector.CollectorTask - New Commits             0        0s
2018-01-04 05:27:00,048 INFO  c.c.d.collector.CollectorTask - Finished                         0s
2018-01-04 05:28:00,000 INFO  c.c.d.collector.CollectorTask - Running Collector: Bitbucket
2018-01-04 05:28:00,003 INFO  c.c.d.collector.CollectorTask - -----------------------------------
2018-01-04 05:28:00,003 INFO  c.c.d.collector.CollectorTask - Starting...
2018-01-04 05:28:00,003 INFO  c.c.d.collector.CollectorTask - -----------------------------------
2018-01-04 05:28:00,046 INFO  c.c.d.collector.CollectorTask - Repo Count              1        0s
2018-01-04 05:28:00,046 INFO  c.c.d.collector.CollectorTask - New Commits             0        0s
2018-01-04 05:28:00,046 INFO  c.c.d.collector.CollectorTask - Finished                         0s
2018-01-04 05:29:00,000 INFO  c.c.d.collector.CollectorTask - Running Collector: Bitbucket
2018-01-04 05:29:00,003 INFO  c.c.d.collector.CollectorTask - -----------------------------------
2018-01-04 05:29:00,004 INFO  c.c.d.collector.CollectorTask - Starting...
2018-01-04 05:29:00,004 INFO  c.c.d.collector.CollectorTask - -----------------------------------
2018-01-04 05:29:00,055 INFO  c.c.d.collector.CollectorTask - Repo Count              1        0s
2018-01-04 05:29:00,055 INFO  c.c.d.collector.CollectorTask - New Commits             0        0s
2018-01-04 05:29:00,055 INFO  c.c.d.collector.CollectorTask - Finished                         0s
2018-01-04 05:30:00,001 INFO  c.c.d.collector.CollectorTask - Running Collector: Bitbucket
2018-01-04 05:30:00,011 INFO  c.c.d.collector.CollectorTask - -----------------------------------
2018-01-04 05:30:00,013 INFO  c.c.d.collector.CollectorTask - Starting...
2018-01-04 05:30:00,013 INFO  c.c.d.collector.CollectorTask - -----------------------------------
2018-01-04 05:30:00,157 INFO  c.c.d.collector.CollectorTask - Repo Count              1        0s
2018-01-04 05:30:00,157 INFO  c.c.d.collector.CollectorTask - New Commits             0        0s
2018-01-04 05:30:00,157 INFO  c.c.d.collector.CollectorTask - Finished                         0s
2018-01-04 05:31:00,000 INFO  c.c.d.collector.CollectorTask - Running Collector: Bitbucket
2018-01-04 05:31:00,003 INFO  c.c.d.collector.CollectorTask - -----------------------------------
2018-01-04 05:31:00,003 INFO  c.c.d.collector.CollectorTask - Starting...
2018-01-04 05:31:00,003 INFO  c.c.d.collector.CollectorTask - -----------------------------------
2018-01-04 05:31:00,049 INFO  c.c.d.collector.CollectorTask - Repo Count              1        0s
2018-01-04 05:31:00,049 INFO  c.c.d.collector.CollectorTask - New Commits             0        0s
2018-01-04 05:31:00,050 INFO  c.c.d.collector.CollectorTask - Finished                         0s
2018-01-04 05:32:00,001 INFO  c.c.d.collector.CollectorTask - Running Collector: Bitbucket
2018-01-04 05:32:00,004 INFO  c.c.d.collector.CollectorTask - -----------------------------------
2018-01-04 05:32:00,004 INFO  c.c.d.collector.CollectorTask - Starting...
2018-01-04 05:32:00,004 INFO  c.c.d.collector.CollectorTask - -----------------------------------
2018-01-04 05:32:00,057 INFO  c.c.d.collector.CollectorTask - Repo Count              1        0s
2018-01-04 05:32:00,057 INFO  c.c.d.collector.CollectorTask - New Commits             0        0s
2018-01-04 05:32:00,057 INFO  c.c.d.collector.CollectorTask - Finished                         0s
2018-01-04 05:33:00,000 INFO  c.c.d.collector.CollectorTask - Running Collector: Bitbucket
2018-01-04 05:33:00,003 INFO  c.c.d.collector.CollectorTask - -----------------------------------
2018-01-04 05:33:00,003 INFO  c.c.d.collector.CollectorTask - Starting...
2018-01-04 05:33:00,003 INFO  c.c.d.collector.CollectorTask - -----------------------------------
2018-01-04 05:33:00,046 INFO  c.c.d.collector.CollectorTask - Repo Count              1        0s
2018-01-04 05:33:00,046 INFO  c.c.d.collector.CollectorTask - New Commits             0        0s
2018-01-04 05:33:00,046 INFO  c.c.d.collector.CollectorTask - Finished                         0s
2018-01-04 05:34:00,000 INFO  c.c.d.collector.CollectorTask - Running Collector: Bitbucket
2018-01-04 05:34:00,003 INFO  c.c.d.collector.CollectorTask - -----------------------------------
2018-01-04 05:34:00,003 INFO  c.c.d.collector.CollectorTask - Starting...
2018-01-04 05:34:00,003 INFO  c.c.d.collector.CollectorTask - -----------------------------------
2018-01-04 05:34:00,055 INFO  c.c.d.collector.CollectorTask - Repo Count              1        0s
2018-01-04 05:34:00,056 INFO  c.c.d.collector.CollectorTask - New Commits             0        0s
2018-01-04 05:34:00,056 INFO  c.c.d.collector.CollectorTask - Finished                         0s
2018-01-04 05:35:00,001 INFO  c.c.d.collector.CollectorTask - Running Collector: Bitbucket
2018-01-04 05:35:00,009 INFO  c.c.d.collector.CollectorTask - -----------------------------------
2018-01-04 05:35:00,009 INFO  c.c.d.collector.CollectorTask - Starting...
2018-01-04 05:35:00,009 INFO  c.c.d.collector.CollectorTask - -----------------------------------
2018-01-04 05:35:00,138 INFO  c.c.d.collector.CollectorTask - Repo Count              1        0s
2018-01-04 05:35:00,138 INFO  c.c.d.collector.CollectorTask - New Commits             0        0s
2018-01-04 05:35:00,138 INFO  c.c.d.collector.CollectorTask - Finished                         0s
2018-01-04 05:36:00,000 INFO  c.c.d.collector.CollectorTask - Running Collector: Bitbucket
2018-01-04 05:36:00,004 INFO  c.c.d.collector.CollectorTask - -----------------------------------
2018-01-04 05:36:00,004 INFO  c.c.d.collector.CollectorTask - Starting...
2018-01-04 05:36:00,004 INFO  c.c.d.collector.CollectorTask - -----------------------------------
2018-01-04 05:36:00,045 INFO  c.c.d.collector.CollectorTask - Repo Count              1        0s
2018-01-04 05:36:00,045 INFO  c.c.d.collector.CollectorTask - New Commits             0        0s
2018-01-04 05:36:00,045 INFO  c.c.d.collector.CollectorTask - Finished                         0s
2018-01-04 05:37:00,000 INFO  c.c.d.collector.CollectorTask - Running Collector: Bitbucket
2018-01-04 05:37:00,002 INFO  c.c.d.collector.CollectorTask - -----------------------------------
2018-01-04 05:37:00,002 INFO  c.c.d.collector.CollectorTask - Starting...
2018-01-04 05:37:00,002 INFO  c.c.d.collector.CollectorTask - -----------------------------------
2018-01-04 05:37:00,049 INFO  c.c.d.collector.CollectorTask - Repo Count              1        0s
2018-01-04 05:37:00,050 INFO  c.c.d.collector.CollectorTask - New Commits             0        0s
2018-01-04 05:37:00,050 INFO  c.c.d.collector.CollectorTask - Finished                         0s
2018-01-04 05:38:00,000 INFO  c.c.d.collector.CollectorTask - Running Collector: Bitbucket
2018-01-04 05:38:00,005 INFO  c.c.d.collector.CollectorTask - -----------------------------------
2018-01-04 05:38:00,005 INFO  c.c.d.collector.CollectorTask - Starting...
2018-01-04 05:38:00,005 INFO  c.c.d.collector.CollectorTask - -----------------------------------
2018-01-04 05:38:00,045 INFO  c.c.d.collector.CollectorTask - Repo Count              1        0s
2018-01-04 05:38:00,045 INFO  c.c.d.collector.CollectorTask - New Commits             0        0s
2018-01-04 05:38:00,045 INFO  c.c.d.collector.CollectorTask - Finished                         0s
2018-01-04 05:39:00,001 INFO  c.c.d.collector.CollectorTask - Running Collector: Bitbucket
2018-01-04 05:39:00,003 INFO  c.c.d.collector.CollectorTask - -----------------------------------
2018-01-04 05:39:00,003 INFO  c.c.d.collector.CollectorTask - Starting...
2018-01-04 05:39:00,003 INFO  c.c.d.collector.CollectorTask - -----------------------------------
2018-01-04 05:39:00,049 INFO  c.c.d.collector.CollectorTask - Repo Count              1        0s
2018-01-04 05:39:00,049 INFO  c.c.d.collector.CollectorTask - New Commits             0        0s
2018-01-04 05:39:00,049 INFO  c.c.d.collector.CollectorTask - Finished                         0s
2018-01-04 05:40:00,001 INFO  c.c.d.collector.CollectorTask - Running Collector: Bitbucket
2018-01-04 05:40:00,004 INFO  c.c.d.collector.CollectorTask - -----------------------------------
2018-01-04 05:40:00,004 INFO  c.c.d.collector.CollectorTask - Starting...
2018-01-04 05:40:00,004 INFO  c.c.d.collector.CollectorTask - -----------------------------------
2018-01-04 05:40:00,084 INFO  c.c.d.collector.CollectorTask - Repo Count              1        0s
2018-01-04 05:40:00,084 INFO  c.c.d.collector.CollectorTask - New Commits             0        0s
2018-01-04 05:40:00,084 INFO  c.c.d.collector.CollectorTask - Finished                         0s
2018-01-04 05:41:00,000 INFO  c.c.d.collector.CollectorTask - Running Collector: Bitbucket
2018-01-04 05:41:00,003 INFO  c.c.d.collector.CollectorTask - -----------------------------------
2018-01-04 05:41:00,003 INFO  c.c.d.collector.CollectorTask - Starting...
2018-01-04 05:41:00,003 INFO  c.c.d.collector.CollectorTask - -----------------------------------
2018-01-04 05:41:00,049 INFO  c.c.d.collector.CollectorTask - Repo Count              1        0s
2018-01-04 05:41:00,049 INFO  c.c.d.collector.CollectorTask - New Commits             0        0s
2018-01-04 05:41:00,049 INFO  c.c.d.collector.CollectorTask - Finished                         0s
2018-01-04 05:42:00,000 INFO  c.c.d.collector.CollectorTask - Running Collector: Bitbucket
2018-01-04 05:42:00,004 INFO  c.c.d.collector.CollectorTask - -----------------------------------
2018-01-04 05:42:00,004 INFO  c.c.d.collector.CollectorTask - Starting...
2018-01-04 05:42:00,004 INFO  c.c.d.collector.CollectorTask - -----------------------------------
2018-01-04 05:42:00,072 INFO  c.c.d.collector.CollectorTask - Repo Count              1        0s
2018-01-04 05:42:00,072 INFO  c.c.d.collector.CollectorTask - New Commits             0        0s
2018-01-04 05:42:00,072 INFO  c.c.d.collector.CollectorTask - Finished                         0s
2018-01-04 05:43:00,000 INFO  c.c.d.collector.CollectorTask - Running Collector: Bitbucket
2018-01-04 05:43:00,003 INFO  c.c.d.collector.CollectorTask - -----------------------------------
2018-01-04 05:43:00,003 INFO  c.c.d.collector.CollectorTask - Starting...
2018-01-04 05:43:00,003 INFO  c.c.d.collector.CollectorTask - -----------------------------------
2018-01-04 05:43:00,049 INFO  c.c.d.collector.CollectorTask - Repo Count              1        0s
2018-01-04 05:43:00,049 INFO  c.c.d.collector.CollectorTask - New Commits             0        0s
2018-01-04 05:43:00,049 INFO  c.c.d.collector.CollectorTask - Finished                         0s
2018-01-04 05:44:00,000 INFO  c.c.d.collector.CollectorTask - Running Collector: Bitbucket
2018-01-04 05:44:00,002 INFO  c.c.d.collector.CollectorTask - -----------------------------------
2018-01-04 05:44:00,003 INFO  c.c.d.collector.CollectorTask - Starting...
2018-01-04 05:44:00,003 INFO  c.c.d.collector.CollectorTask - -----------------------------------
2018-01-04 05:44:00,063 INFO  c.c.d.collector.CollectorTask - Repo Count              1        0s
2018-01-04 05:44:00,064 INFO  c.c.d.collector.CollectorTask - New Commits             0        0s
2018-01-04 05:44:00,064 INFO  c.c.d.collector.CollectorTask - Finished                         0s
2018-01-04 05:45:00,000 INFO  c.c.d.collector.CollectorTask - Running Collector: Bitbucket
2018-01-04 05:45:00,006 INFO  c.c.d.collector.CollectorTask - -----------------------------------
2018-01-04 05:45:00,006 INFO  c.c.d.collector.CollectorTask - Starting...
2018-01-04 05:45:00,006 INFO  c.c.d.collector.CollectorTask - -----------------------------------
2018-01-04 05:45:00,149 INFO  c.c.d.collector.CollectorTask - Repo Count              1        0s
2018-01-04 05:45:00,150 INFO  c.c.d.collector.CollectorTask - New Commits             0        0s
2018-01-04 05:45:00,150 INFO  c.c.d.collector.CollectorTask - Finished                         0s
2018-01-04 05:46:00,000 INFO  c.c.d.collector.CollectorTask - Running Collector: Bitbucket
2018-01-04 05:46:00,003 INFO  c.c.d.collector.CollectorTask - -----------------------------------
2018-01-04 05:46:00,003 INFO  c.c.d.collector.CollectorTask - Starting...
2018-01-04 05:46:00,003 INFO  c.c.d.collector.CollectorTask - -----------------------------------
2018-01-04 05:46:00,055 INFO  c.c.d.collector.CollectorTask - Repo Count              1        0s
2018-01-04 05:46:00,055 INFO  c.c.d.collector.CollectorTask - New Commits             0        0s
2018-01-04 05:46:00,055 INFO  c.c.d.collector.CollectorTask - Finished                         0s
2018-01-04 05:47:00,000 INFO  c.c.d.collector.CollectorTask - Running Collector: Bitbucket
2018-01-04 05:47:00,026 INFO  c.c.d.collector.CollectorTask - -----------------------------------
2018-01-04 05:47:00,026 INFO  c.c.d.collector.CollectorTask - Starting...
2018-01-04 05:47:00,026 INFO  c.c.d.collector.CollectorTask - -----------------------------------
2018-01-04 05:47:00,103 INFO  c.c.d.collector.CollectorTask - Repo Count              1        0s
2018-01-04 05:47:00,103 INFO  c.c.d.collector.CollectorTask - New Commits             0        0s
2018-01-04 05:47:00,103 INFO  c.c.d.collector.CollectorTask - Finished                         0s
2018-01-04 05:48:00,000 INFO  c.c.d.collector.CollectorTask - Running Collector: Bitbucket
2018-01-04 05:48:00,004 INFO  c.c.d.collector.CollectorTask - -----------------------------------
2018-01-04 05:48:00,004 INFO  c.c.d.collector.CollectorTask - Starting...
2018-01-04 05:48:00,004 INFO  c.c.d.collector.CollectorTask - -----------------------------------
2018-01-04 05:48:00,055 INFO  c.c.d.collector.CollectorTask - Repo Count              1        0s
2018-01-04 05:48:00,055 INFO  c.c.d.collector.CollectorTask - New Commits             0        0s
2018-01-04 05:48:00,055 INFO  c.c.d.collector.CollectorTask - Finished                         0s
2018-01-04 05:49:00,000 INFO  c.c.d.collector.CollectorTask - Running Collector: Bitbucket
2018-01-04 05:49:00,003 INFO  c.c.d.collector.CollectorTask - -----------------------------------
2018-01-04 05:49:00,003 INFO  c.c.d.collector.CollectorTask - Starting...
2018-01-04 05:49:00,003 INFO  c.c.d.collector.CollectorTask - -----------------------------------
2018-01-04 05:49:00,051 INFO  c.c.d.collector.CollectorTask - Repo Count              1        0s
2018-01-04 05:49:00,051 INFO  c.c.d.collector.CollectorTask - New Commits             0        0s
2018-01-04 05:49:00,051 INFO  c.c.d.collector.CollectorTask - Finished                         0s
2018-01-04 05:50:00,001 INFO  c.c.d.collector.CollectorTask - Running Collector: Bitbucket
2018-01-04 05:50:00,005 INFO  c.c.d.collector.CollectorTask - -----------------------------------
2018-01-04 05:50:00,006 INFO  c.c.d.collector.CollectorTask - Starting...
2018-01-04 05:50:00,006 INFO  c.c.d.collector.CollectorTask - -----------------------------------
2018-01-04 05:50:00,159 INFO  c.c.d.collector.CollectorTask - Repo Count              1        0s
2018-01-04 05:50:00,159 INFO  c.c.d.collector.CollectorTask - New Commits             0        0s
2018-01-04 05:50:00,159 INFO  c.c.d.collector.CollectorTask - Finished                         0s
2018-01-04 05:51:00,000 INFO  c.c.d.collector.CollectorTask - Running Collector: Bitbucket
2018-01-04 05:51:00,002 INFO  c.c.d.collector.CollectorTask - -----------------------------------
2018-01-04 05:51:00,002 INFO  c.c.d.collector.CollectorTask - Starting...
2018-01-04 05:51:00,002 INFO  c.c.d.collector.CollectorTask - -----------------------------------
2018-01-04 05:51:00,050 INFO  c.c.d.collector.CollectorTask - Repo Count              1        0s
2018-01-04 05:51:00,050 INFO  c.c.d.collector.CollectorTask - New Commits             0        0s
2018-01-04 05:51:00,050 INFO  c.c.d.collector.CollectorTask - Finished                         0s
2018-01-04 05:52:00,001 INFO  c.c.d.collector.CollectorTask - Running Collector: Bitbucket
2018-01-04 05:52:00,003 INFO  c.c.d.collector.CollectorTask - -----------------------------------
2018-01-04 05:52:00,003 INFO  c.c.d.collector.CollectorTask - Starting...
2018-01-04 05:52:00,003 INFO  c.c.d.collector.CollectorTask - -----------------------------------
2018-01-04 05:52:00,046 INFO  c.c.d.collector.CollectorTask - Repo Count              1        0s
2018-01-04 05:52:00,047 INFO  c.c.d.collector.CollectorTask - New Commits             0        0s
2018-01-04 05:52:00,047 INFO  c.c.d.collector.CollectorTask - Finished                         0s
2018-01-04 05:53:00,000 INFO  c.c.d.collector.CollectorTask - Running Collector: Bitbucket
2018-01-04 05:53:00,004 INFO  c.c.d.collector.CollectorTask - -----------------------------------
2018-01-04 05:53:00,004 INFO  c.c.d.collector.CollectorTask - Starting...
2018-01-04 05:53:00,004 INFO  c.c.d.collector.CollectorTask - -----------------------------------
2018-01-04 05:53:00,046 INFO  c.c.d.collector.CollectorTask - Repo Count              1        0s
2018-01-04 05:53:00,046 INFO  c.c.d.collector.CollectorTask - New Commits             0        0s
2018-01-04 05:53:00,046 INFO  c.c.d.collector.CollectorTask - Finished                         0s
2018-01-04 05:54:00,000 INFO  c.c.d.collector.CollectorTask - Running Collector: Bitbucket
2018-01-04 05:54:00,002 INFO  c.c.d.collector.CollectorTask - -----------------------------------
2018-01-04 05:54:00,002 INFO  c.c.d.collector.CollectorTask - Starting...
2018-01-04 05:54:00,003 INFO  c.c.d.collector.CollectorTask - -----------------------------------
2018-01-04 05:54:00,057 INFO  c.c.d.collector.CollectorTask - Repo Count              1        0s
2018-01-04 05:54:00,057 INFO  c.c.d.collector.CollectorTask - New Commits             0        0s
2018-01-04 05:54:00,057 INFO  c.c.d.collector.CollectorTask - Finished                         0s
2018-01-04 05:55:00,000 INFO  c.c.d.collector.CollectorTask - Running Collector: Bitbucket
2018-01-04 05:55:00,005 INFO  c.c.d.collector.CollectorTask - -----------------------------------
2018-01-04 05:55:00,005 INFO  c.c.d.collector.CollectorTask - Starting...
2018-01-04 05:55:00,006 INFO  c.c.d.collector.CollectorTask - -----------------------------------
2018-01-04 05:55:00,091 INFO  c.c.d.collector.CollectorTask - Repo Count              1        0s
2018-01-04 05:55:00,091 INFO  c.c.d.collector.CollectorTask - New Commits             0        0s
2018-01-04 05:55:00,091 INFO  c.c.d.collector.CollectorTask - Finished                         0s
2018-01-04 05:56:00,001 INFO  c.c.d.collector.CollectorTask - Running Collector: Bitbucket
2018-01-04 05:56:00,003 INFO  c.c.d.collector.CollectorTask - -----------------------------------
2018-01-04 05:56:00,003 INFO  c.c.d.collector.CollectorTask - Starting...
2018-01-04 05:56:00,003 INFO  c.c.d.collector.CollectorTask - -----------------------------------
2018-01-04 05:56:00,046 INFO  c.c.d.collector.CollectorTask - Repo Count              1        0s
2018-01-04 05:56:00,047 INFO  c.c.d.collector.CollectorTask - New Commits             0        0s
2018-01-04 05:56:00,047 INFO  c.c.d.collector.CollectorTask - Finished                         0s
2018-01-04 05:57:00,000 INFO  c.c.d.collector.CollectorTask - Running Collector: Bitbucket
2018-01-04 05:57:00,002 INFO  c.c.d.collector.CollectorTask - -----------------------------------
2018-01-04 05:57:00,003 INFO  c.c.d.collector.CollectorTask - Starting...
2018-01-04 05:57:00,003 INFO  c.c.d.collector.CollectorTask - -----------------------------------
2018-01-04 05:57:00,059 INFO  c.c.d.collector.CollectorTask - Repo Count              1        0s
2018-01-04 05:57:00,059 INFO  c.c.d.collector.CollectorTask - New Commits             0        0s
2018-01-04 05:57:00,059 INFO  c.c.d.collector.CollectorTask - Finished                         0s
2018-01-04 05:58:00,000 INFO  c.c.d.collector.CollectorTask - Running Collector: Bitbucket
2018-01-04 05:58:00,003 INFO  c.c.d.collector.CollectorTask - -----------------------------------
2018-01-04 05:58:00,003 INFO  c.c.d.collector.CollectorTask - Starting...
2018-01-04 05:58:00,003 INFO  c.c.d.collector.CollectorTask - -----------------------------------
2018-01-04 05:58:00,057 INFO  c.c.d.collector.CollectorTask - Repo Count              1        0s
2018-01-04 05:58:00,057 INFO  c.c.d.collector.CollectorTask - New Commits             0        0s
2018-01-04 05:58:00,058 INFO  c.c.d.collector.CollectorTask - Finished                         0s
2018-01-04 05:59:00,000 INFO  c.c.d.collector.CollectorTask - Running Collector: Bitbucket
2018-01-04 05:59:00,003 INFO  c.c.d.collector.CollectorTask - -----------------------------------
2018-01-04 05:59:00,003 INFO  c.c.d.collector.CollectorTask - Starting...
2018-01-04 05:59:00,003 INFO  c.c.d.collector.CollectorTask - -----------------------------------
2018-01-04 05:59:00,049 INFO  c.c.d.collector.CollectorTask - Repo Count              1        0s
2018-01-04 05:59:00,049 INFO  c.c.d.collector.CollectorTask - New Commits             0        0s
2018-01-04 05:59:00,049 INFO  c.c.d.collector.CollectorTask - Finished                         0s
2018-01-04 06:00:00,001 INFO  c.c.d.collector.CollectorTask - Running Collector: Bitbucket
2018-01-04 06:00:00,019 INFO  c.c.d.collector.CollectorTask - -----------------------------------
2018-01-04 06:00:00,019 INFO  c.c.d.collector.CollectorTask - Starting...
2018-01-04 06:00:00,019 INFO  c.c.d.collector.CollectorTask - -----------------------------------
2018-01-04 06:00:00,140 INFO  c.c.d.collector.CollectorTask - Repo Count              1        0s
2018-01-04 06:00:00,140 INFO  c.c.d.collector.CollectorTask - New Commits             0        0s
2018-01-04 06:00:00,140 INFO  c.c.d.collector.CollectorTask - Finished                         0s
2018-01-04 06:01:00,001 INFO  c.c.d.collector.CollectorTask - Running Collector: Bitbucket
2018-01-04 06:01:00,003 INFO  c.c.d.collector.CollectorTask - -----------------------------------
2018-01-04 06:01:00,003 INFO  c.c.d.collector.CollectorTask - Starting...
2018-01-04 06:01:00,003 INFO  c.c.d.collector.CollectorTask - -----------------------------------
2018-01-04 06:01:00,045 INFO  c.c.d.collector.CollectorTask - Repo Count              1        0s
2018-01-04 06:01:00,045 INFO  c.c.d.collector.CollectorTask - New Commits             0        0s
2018-01-04 06:01:00,045 INFO  c.c.d.collector.CollectorTask - Finished                         0s
2018-01-04 06:02:00,000 INFO  c.c.d.collector.CollectorTask - Running Collector: Bitbucket
2018-01-04 06:02:00,005 INFO  c.c.d.collector.CollectorTask - -----------------------------------
2018-01-04 06:02:00,005 INFO  c.c.d.collector.CollectorTask - Starting...
2018-01-04 06:02:00,005 INFO  c.c.d.collector.CollectorTask - -----------------------------------
2018-01-04 06:02:00,050 INFO  c.c.d.collector.CollectorTask - Repo Count              1        0s
2018-01-04 06:02:00,053 INFO  c.c.d.collector.CollectorTask - New Commits             0        0s
2018-01-04 06:02:00,053 INFO  c.c.d.collector.CollectorTask - Finished                         0s
2018-01-04 06:03:00,000 INFO  c.c.d.collector.CollectorTask - Running Collector: Bitbucket
2018-01-04 06:03:00,003 INFO  c.c.d.collector.CollectorTask - -----------------------------------
2018-01-04 06:03:00,003 INFO  c.c.d.collector.CollectorTask - Starting...
2018-01-04 06:03:00,003 INFO  c.c.d.collector.CollectorTask - -----------------------------------
2018-01-04 06:03:00,049 INFO  c.c.d.collector.CollectorTask - Repo Count              1        0s
2018-01-04 06:03:00,049 INFO  c.c.d.collector.CollectorTask - New Commits             0        0s
2018-01-04 06:03:00,049 INFO  c.c.d.collector.CollectorTask - Finished                         0s
2018-01-04 06:04:00,000 INFO  c.c.d.collector.CollectorTask - Running Collector: Bitbucket
2018-01-04 06:04:00,002 INFO  c.c.d.collector.CollectorTask - -----------------------------------
2018-01-04 06:04:00,002 INFO  c.c.d.collector.CollectorTask - Starting...
2018-01-04 06:04:00,002 INFO  c.c.d.collector.CollectorTask - -----------------------------------
2018-01-04 06:04:00,059 INFO  c.c.d.collector.CollectorTask - Repo Count              1        0s
2018-01-04 06:04:00,059 INFO  c.c.d.collector.CollectorTask - New Commits             0        0s
2018-01-04 06:04:00,059 INFO  c.c.d.collector.CollectorTask - Finished                         0s
2018-01-04 06:05:00,000 INFO  c.c.d.collector.CollectorTask - Running Collector: Bitbucket
2018-01-04 06:05:00,004 INFO  c.c.d.collector.CollectorTask - -----------------------------------
2018-01-04 06:05:00,004 INFO  c.c.d.collector.CollectorTask - Starting...
2018-01-04 06:05:00,004 INFO  c.c.d.collector.CollectorTask - -----------------------------------
2018-01-04 06:05:00,111 INFO  c.c.d.collector.CollectorTask - Repo Count              1        0s
2018-01-04 06:05:00,111 INFO  c.c.d.collector.CollectorTask - New Commits             0        0s
2018-01-04 06:05:00,111 INFO  c.c.d.collector.CollectorTask - Finished                         0s
2018-01-04 06:06:00,000 INFO  c.c.d.collector.CollectorTask - Running Collector: Bitbucket
2018-01-04 06:06:00,002 INFO  c.c.d.collector.CollectorTask - -----------------------------------
2018-01-04 06:06:00,002 INFO  c.c.d.collector.CollectorTask - Starting...
2018-01-04 06:06:00,003 INFO  c.c.d.collector.CollectorTask - -----------------------------------
2018-01-04 06:06:00,043 INFO  c.c.d.collector.CollectorTask - Repo Count              1        0s
2018-01-04 06:06:00,043 INFO  c.c.d.collector.CollectorTask - New Commits             0        0s
2018-01-04 06:06:00,043 INFO  c.c.d.collector.CollectorTask - Finished                         0s
2018-01-04 06:07:00,000 INFO  c.c.d.collector.CollectorTask - Running Collector: Bitbucket
2018-01-04 06:07:00,003 INFO  c.c.d.collector.CollectorTask - -----------------------------------
2018-01-04 06:07:00,003 INFO  c.c.d.collector.CollectorTask - Starting...
2018-01-04 06:07:00,003 INFO  c.c.d.collector.CollectorTask - -----------------------------------
2018-01-04 06:07:00,042 INFO  c.c.d.collector.CollectorTask - Repo Count              1        0s
2018-01-04 06:07:00,042 INFO  c.c.d.collector.CollectorTask - New Commits             0        0s
2018-01-04 06:07:00,042 INFO  c.c.d.collector.CollectorTask - Finished                         0s
2018-01-04 06:08:00,001 INFO  c.c.d.collector.CollectorTask - Running Collector: Bitbucket
2018-01-04 06:08:00,003 INFO  c.c.d.collector.CollectorTask - -----------------------------------
2018-01-04 06:08:00,003 INFO  c.c.d.collector.CollectorTask - Starting...
2018-01-04 06:08:00,003 INFO  c.c.d.collector.CollectorTask - -----------------------------------
2018-01-04 06:08:00,048 INFO  c.c.d.collector.CollectorTask - Repo Count              1        0s
2018-01-04 06:08:00,048 INFO  c.c.d.collector.CollectorTask - New Commits             0        0s
2018-01-04 06:08:00,048 INFO  c.c.d.collector.CollectorTask - Finished                         0s
2018-01-04 06:09:00,000 INFO  c.c.d.collector.CollectorTask - Running Collector: Bitbucket
2018-01-04 06:09:00,003 INFO  c.c.d.collector.CollectorTask - -----------------------------------
2018-01-04 06:09:00,003 INFO  c.c.d.collector.CollectorTask - Starting...
2018-01-04 06:09:00,003 INFO  c.c.d.collector.CollectorTask - -----------------------------------
2018-01-04 06:09:00,046 INFO  c.c.d.collector.CollectorTask - Repo Count              1        0s
2018-01-04 06:09:00,046 INFO  c.c.d.collector.CollectorTask - New Commits             0        0s
2018-01-04 06:09:00,046 INFO  c.c.d.collector.CollectorTask - Finished                         0s
2018-01-04 06:09:34,787 INFO  o.s.c.a.AnnotationConfigApplicationContext - Closing org.springframework.context.annotation.AnnotationConfigApplicationContext@1f63e00d: startup date [Thu Jan 04 04:50:58 UTC 2018]; parent: org.springframework.context.annotation.AnnotationConfigApplicationContext@7919964f
2018-01-04 06:09:34,795 INFO  o.s.j.e.a.AnnotationMBeanExporter - Unregistering JMX-exposed beans on shutdown
2018-01-04 06:09:34,795 INFO  o.s.j.e.a.AnnotationMBeanExporter - Unregistering JMX-exposed beans
2018-01-04 06:09:34,812 INFO  o.s.s.c.ThreadPoolTaskScheduler - Shutting down ExecutorService 'taskScheduler'
