2017-12-27 06:38:09,060 INFO  c.c.d.collector.CollectorTask - -----------------------------------
2017-12-27 06:38:09,064 INFO  c.c.d.collector.CollectorTask - Starting...
2017-12-27 06:38:09,064 INFO  c.c.d.collector.CollectorTask - -----------------------------------
2017-12-27 06:38:09,066 INFO  c.c.d.c.GitlabGitCollectorTask - Failed to retrieve data, the repo or collector is most likey misconfigured: null, 400 BAD_REQUEST
2017-12-27 06:38:09,070 INFO  c.c.d.collector.CollectorTask - Repo Count              1        0s
2017-12-27 06:38:09,070 INFO  c.c.d.collector.CollectorTask - New Commits             0        0s
2017-12-27 06:38:09,071 INFO  c.c.d.collector.CollectorTask - Finished                         0s
2017-12-27 06:38:09,087 INFO  c.c.d.collector.CollectorTask - -----------------------------------
2017-12-27 06:38:09,088 INFO  c.c.d.collector.CollectorTask - Starting...
2017-12-27 06:38:09,093 INFO  c.c.d.collector.CollectorTask - -----------------------------------
2017-12-27 06:38:09,094 INFO  c.c.d.collector.CollectorTask - Repo Count              1        0s
2017-12-27 06:38:09,094 INFO  c.c.d.collector.CollectorTask - New Commits             0        0s
2017-12-27 06:38:09,094 INFO  c.c.d.collector.CollectorTask - Finished                         0s
2017-12-27 06:38:09,098 INFO  c.c.d.collector.CollectorTask - -----------------------------------
2017-12-27 06:38:09,098 INFO  c.c.d.collector.CollectorTask - Starting...
2017-12-27 06:38:09,099 INFO  c.c.d.collector.CollectorTask - -----------------------------------
2017-12-27 06:38:09,100 INFO  c.c.d.collector.CollectorTask - Repo Count              1        0s
2017-12-27 06:38:09,100 INFO  c.c.d.collector.CollectorTask - New Commits             1        0s
2017-12-27 06:38:09,101 INFO  c.c.d.collector.CollectorTask - Finished                         0s
2017-12-27 06:38:09,110 INFO  c.c.d.collector.CollectorTask - -----------------------------------
2017-12-27 06:38:09,111 INFO  c.c.d.collector.CollectorTask - Starting...
2017-12-27 06:38:09,111 INFO  c.c.d.collector.CollectorTask - -----------------------------------
2017-12-27 06:38:09,113 INFO  c.c.d.c.GitlabGitCollectorTask - Failed to retrieve data, the repo or collector is most likey misconfigured: null, Bad
2017-12-27 06:38:09,114 INFO  c.c.d.collector.CollectorTask - Repo Count              1        0s
2017-12-27 06:38:09,117 INFO  c.c.d.collector.CollectorTask - New Commits             0        0s
2017-12-27 06:38:09,118 INFO  c.c.d.collector.CollectorTask - Finished                         0s
2017-12-27 06:38:09,120 INFO  c.c.d.collector.CollectorTask - -----------------------------------
2017-12-27 06:38:09,121 INFO  c.c.d.collector.CollectorTask - Starting...
2017-12-27 06:38:09,121 INFO  c.c.d.collector.CollectorTask - -----------------------------------
2017-12-27 06:38:09,122 INFO  c.c.d.collector.CollectorTask - Repo Count              1        0s
2017-12-27 06:38:09,123 INFO  c.c.d.collector.CollectorTask - New Commits             0        0s
2017-12-27 06:38:09,123 INFO  c.c.d.collector.CollectorTask - Finished                         0s
2017-12-27 06:38:09,125 INFO  c.c.d.collector.CollectorTask - -----------------------------------
2017-12-27 06:38:09,126 INFO  c.c.d.collector.CollectorTask - Starting...
2017-12-27 06:38:09,126 INFO  c.c.d.collector.CollectorTask - -----------------------------------
2017-12-27 06:38:09,126 INFO  c.c.d.collector.CollectorTask - Repo Count              0        0s
2017-12-27 06:38:09,126 INFO  c.c.d.collector.CollectorTask - New Commits             0        0s
2017-12-27 06:38:09,127 INFO  c.c.d.collector.CollectorTask - Finished                         0s
