2018-01-04 04:52:07,765 INFO  o.s.c.a.AnnotationConfigApplicationContext - Refreshing org.springframework.context.annotation.AnnotationConfigApplicationContext@7919964f: startup date [Thu Jan 04 04:52:07 UTC 2018]; root of context hierarchy
2018-01-04 04:52:08,031 INFO  o.s.b.f.a.AutowiredAnnotationBeanPostProcessor - JSR-330 'javax.inject.Inject' annotation found and supported for autowiring
2018-01-04 04:52:08,116 INFO  o.s.c.s.PostProcessorRegistrationDelegate$BeanPostProcessorChecker - Bean 'configurationPropertiesRebinderAutoConfiguration' of type [class org.springframework.cloud.autoconfigure.ConfigurationPropertiesRebinderAutoConfiguration$$EnhancerBySpringCGLIB$$5657a801] is not eligible for getting processed by all BeanPostProcessors (for example: not eligible for auto-proxying)
2018-01-04 04:52:08,521 INFO  o.s.c.c.c.ConfigServicePropertySourceLocator - Fetching config from server at: http://localhost:8888
2018-01-04 04:52:08,690 WARN  o.s.c.c.c.ConfigServicePropertySourceLocator - Could not locate PropertySource: I/O error on GET request for "http://localhost:8888/application/default": Connection refused (Connection refused); nested exception is java.net.ConnectException: Connection refused (Connection refused)
2018-01-04 04:52:08,692 INFO  com.capitalone.dashboard.Application - No profiles are active
2018-01-04 04:52:08,726 INFO  o.s.c.a.AnnotationConfigApplicationContext - Refreshing org.springframework.context.annotation.AnnotationConfigApplicationContext@1f63e00d: startup date [Thu Jan 04 04:52:08 UTC 2018]; parent: org.springframework.context.annotation.AnnotationConfigApplicationContext@7919964f
2018-01-04 04:52:10,155 INFO  o.s.cloud.context.scope.GenericScope - BeanFactory id=01556c0f-c24b-3ae4-a249-b9c062d4debf
2018-01-04 04:52:10,167 INFO  c.u.j.EnableEncryptablePropertySourcesPostProcessor - Post-processing PropertySource instances
2018-01-04 04:52:10,184 INFO  c.u.j.c.StringEncryptorConfiguration - String Encryptor custom Bean not found with name 'jasyptStringEncryptor'. Initializing String Encryptor based on properties with name 'jasyptStringEncryptor'
2018-01-04 04:52:10,195 INFO  c.u.j.EnableEncryptablePropertySourcesPostProcessor - Converting PropertySource commandLineArgs [org.springframework.core.env.SimpleCommandLinePropertySource] to EncryptableEnumerablePropertySourceWrapper
2018-01-04 04:52:10,195 INFO  c.u.j.EnableEncryptablePropertySourcesPostProcessor - Converting PropertySource systemProperties [org.springframework.core.env.MapPropertySource] to EncryptableMapPropertySourceWrapper
2018-01-04 04:52:10,196 INFO  c.u.j.EnableEncryptablePropertySourcesPostProcessor - Converting PropertySource systemEnvironment [org.springframework.core.env.SystemEnvironmentPropertySource] to EncryptableMapPropertySourceWrapper
2018-01-04 04:52:10,196 INFO  c.u.j.EnableEncryptablePropertySourcesPostProcessor - Converting PropertySource random [org.springframework.boot.context.config.RandomValuePropertySource] to EncryptablePropertySourceWrapper
2018-01-04 04:52:10,196 INFO  c.u.j.EnableEncryptablePropertySourcesPostProcessor - Converting PropertySource applicationConfig: [file:application.properties] [org.springframework.core.env.PropertiesPropertySource] to EncryptableMapPropertySourceWrapper
2018-01-04 04:52:10,196 INFO  c.u.j.EnableEncryptablePropertySourcesPostProcessor - Converting PropertySource springCloudClientHostInfo [org.springframework.core.env.MapPropertySource] to EncryptableMapPropertySourceWrapper
2018-01-04 04:52:10,196 INFO  c.u.j.EnableEncryptablePropertySourcesPostProcessor - Converting PropertySource defaultProperties [org.springframework.core.env.MapPropertySource] to EncryptableMapPropertySourceWrapper
2018-01-04 04:52:10,208 INFO  o.s.b.f.a.AutowiredAnnotationBeanPostProcessor - JSR-330 'javax.inject.Inject' annotation found and supported for autowiring
2018-01-04 04:52:10,268 INFO  o.s.c.s.PostProcessorRegistrationDelegate$BeanPostProcessorChecker - Bean 'org.springframework.cloud.autoconfigure.ConfigurationPropertiesRebinderAutoConfiguration' of type [class org.springframework.cloud.autoconfigure.ConfigurationPropertiesRebinderAutoConfiguration$$EnhancerBySpringCGLIB$$5657a801] is not eligible for getting processed by all BeanPostProcessors (for example: not eligible for auto-proxying)
2018-01-04 04:52:10,329 INFO  o.s.s.c.ThreadPoolTaskScheduler - Initializing ExecutorService  'taskScheduler'
2018-01-04 04:52:10,451 INFO  c.c.dashboard.config.MongoConfig - ReplicaSetfalse
2018-01-04 04:52:10,537 INFO  c.c.dashboard.config.MongoConfig - Initializing Mongo Client server at: localhost:27017
2018-01-04 04:52:10,574 INFO  org.mongodb.driver.cluster - Cluster created with settings {hosts=[localhost:27017], mode=SINGLE, requiredClusterType=UNKNOWN, serverSelectionTimeout='30000 ms', maxWaitQueueSize=500}
2018-01-04 04:52:10,657 INFO  c.c.dashboard.config.MongoConfig - Connecting to Mongo: Mongo{options=MongoClientOptions{description='null', readPreference=primary, writeConcern=WriteConcern{w=1, wtimeout=0, fsync=false, j=false, codecRegistry=org.bson.codecs.configuration.ProvidersCodecRegistry@c62348ab, minConnectionsPerHost=0, maxConnectionsPerHost=100, threadsAllowedToBlockForConnectionMultiplier=5, serverSelectionTimeout=30000, maxWaitTime=120000, maxConnectionIdleTime=60000, maxConnectionLifeTime=0, connectTimeout=10000, socketTimeout=0, socketKeepAlive=false, sslEnabled=false, sslInvalidHostNamesAllowed=false, alwaysUseMBeans=false, heartbeatFrequency=10000, minHeartbeatFrequency=500, heartbeatConnectTimeout=20000, heartbeatSocketTimeout=20000, localThreshold=15, requiredReplicaSetName='null', dbDecoderFactory=com.mongodb.DefaultDBDecoder$1@17ad7d7e, dbEncoderFactory=com.mongodb.DefaultDBEncoder$1@49031529, socketFactory=javax.net.DefaultSocketFactory@6c438feb, cursorFinalizerEnabled=true, connectionPoolSettings=ConnectionPoolSettings{maxSize=100, minSize=0, maxWaitQueueSize=500, maxWaitTimeMS=120000, maxConnectionLifeTimeMS=0, maxConnectionIdleTimeMS=60000, maintenanceInitialDelayMS=0, maintenanceFrequencyMS=60000}, socketSettings=SocketSettings{connectTimeoutMS=10000, readTimeoutMS=0, keepAlive=false, receiveBufferSize=0, sendBufferSize=0}, serverSettings=ServerSettings{heartbeatFrequencyMS=10000, minHeartbeatFrequencyMS=500}, heartbeatSocketSettings=SocketSettings{connectTimeoutMS=20000, readTimeoutMS=20000, keepAlive=false, receiveBufferSize=0, sendBufferSize=0}}}
2018-01-04 04:52:11,295 INFO  org.mongodb.driver.connection - Opened connection [connectionId{localValue:1, serverValue:1121}] to localhost:27017
2018-01-04 04:52:11,296 INFO  org.mongodb.driver.cluster - Monitor thread successfully connected to server with description ServerDescription{address=localhost:27017, type=STANDALONE, state=CONNECTED, ok=true, version=ServerVersion{versionList=[3, 6, 1]}, minWireVersion=0, maxWireVersion=6, electionId=null, maxDocumentSize=16777216, roundTripTimeNanos=420702}
2018-01-04 04:52:11,529 INFO  org.mongodb.driver.connection - Opened connection [connectionId{localValue:2, serverValue:1122}] to localhost:27017
2018-01-04 04:52:11,760 INFO  c.c.dashboard.config.MongoConfig - ReplicaSetfalse
2018-01-04 04:52:11,761 INFO  c.c.dashboard.config.MongoConfig - Initializing Mongo Client server at: localhost:27017
2018-01-04 04:52:11,761 INFO  org.mongodb.driver.cluster - Cluster created with settings {hosts=[localhost:27017], mode=SINGLE, requiredClusterType=UNKNOWN, serverSelectionTimeout='30000 ms', maxWaitQueueSize=500}
2018-01-04 04:52:11,770 INFO  c.c.dashboard.config.MongoConfig - Connecting to Mongo: Mongo{options=MongoClientOptions{description='null', readPreference=primary, writeConcern=WriteConcern{w=1, wtimeout=0, fsync=false, j=false, codecRegistry=org.bson.codecs.configuration.ProvidersCodecRegistry@c62348ab, minConnectionsPerHost=0, maxConnectionsPerHost=100, threadsAllowedToBlockForConnectionMultiplier=5, serverSelectionTimeout=30000, maxWaitTime=120000, maxConnectionIdleTime=60000, maxConnectionLifeTime=0, connectTimeout=10000, socketTimeout=0, socketKeepAlive=false, sslEnabled=false, sslInvalidHostNamesAllowed=false, alwaysUseMBeans=false, heartbeatFrequency=10000, minHeartbeatFrequency=500, heartbeatConnectTimeout=20000, heartbeatSocketTimeout=20000, localThreshold=15, requiredReplicaSetName='null', dbDecoderFactory=com.mongodb.DefaultDBDecoder$1@17ad7d7e, dbEncoderFactory=com.mongodb.DefaultDBEncoder$1@49031529, socketFactory=javax.net.DefaultSocketFactory@6c438feb, cursorFinalizerEnabled=true, connectionPoolSettings=ConnectionPoolSettings{maxSize=100, minSize=0, maxWaitQueueSize=500, maxWaitTimeMS=120000, maxConnectionLifeTimeMS=0, maxConnectionIdleTimeMS=60000, maintenanceInitialDelayMS=0, maintenanceFrequencyMS=60000}, socketSettings=SocketSettings{connectTimeoutMS=10000, readTimeoutMS=0, keepAlive=false, receiveBufferSize=0, sendBufferSize=0}, serverSettings=ServerSettings{heartbeatFrequencyMS=10000, minHeartbeatFrequencyMS=500}, heartbeatSocketSettings=SocketSettings{connectTimeoutMS=20000, readTimeoutMS=20000, keepAlive=false, receiveBufferSize=0, sendBufferSize=0}}}
2018-01-04 04:52:11,782 INFO  c.c.dashboard.config.MongoConfig - ReplicaSetfalse
2018-01-04 04:52:11,783 INFO  c.c.dashboard.config.MongoConfig - Initializing Mongo Client server at: localhost:27017
2018-01-04 04:52:11,783 INFO  org.mongodb.driver.cluster - Cluster created with settings {hosts=[localhost:27017], mode=SINGLE, requiredClusterType=UNKNOWN, serverSelectionTimeout='30000 ms', maxWaitQueueSize=500}
2018-01-04 04:52:11,792 INFO  org.mongodb.driver.connection - Opened connection [connectionId{localValue:3, serverValue:1123}] to localhost:27017
2018-01-04 04:52:11,793 INFO  org.mongodb.driver.cluster - Monitor thread successfully connected to server with description ServerDescription{address=localhost:27017, type=STANDALONE, state=CONNECTED, ok=true, version=ServerVersion{versionList=[3, 6, 1]}, minWireVersion=0, maxWireVersion=6, electionId=null, maxDocumentSize=16777216, roundTripTimeNanos=370101}
2018-01-04 04:52:11,794 INFO  c.c.dashboard.config.MongoConfig - Connecting to Mongo: Mongo{options=MongoClientOptions{description='null', readPreference=primary, writeConcern=WriteConcern{w=1, wtimeout=0, fsync=false, j=false, codecRegistry=org.bson.codecs.configuration.ProvidersCodecRegistry@c62348ab, minConnectionsPerHost=0, maxConnectionsPerHost=100, threadsAllowedToBlockForConnectionMultiplier=5, serverSelectionTimeout=30000, maxWaitTime=120000, maxConnectionIdleTime=60000, maxConnectionLifeTime=0, connectTimeout=10000, socketTimeout=0, socketKeepAlive=false, sslEnabled=false, sslInvalidHostNamesAllowed=false, alwaysUseMBeans=false, heartbeatFrequency=10000, minHeartbeatFrequency=500, heartbeatConnectTimeout=20000, heartbeatSocketTimeout=20000, localThreshold=15, requiredReplicaSetName='null', dbDecoderFactory=com.mongodb.DefaultDBDecoder$1@17ad7d7e, dbEncoderFactory=com.mongodb.DefaultDBEncoder$1@49031529, socketFactory=javax.net.DefaultSocketFactory@6c438feb, cursorFinalizerEnabled=true, connectionPoolSettings=ConnectionPoolSettings{maxSize=100, minSize=0, maxWaitQueueSize=500, maxWaitTimeMS=120000, maxConnectionLifeTimeMS=0, maxConnectionIdleTimeMS=60000, maintenanceInitialDelayMS=0, maintenanceFrequencyMS=60000}, socketSettings=SocketSettings{connectTimeoutMS=10000, readTimeoutMS=0, keepAlive=false, receiveBufferSize=0, sendBufferSize=0}, serverSettings=ServerSettings{heartbeatFrequencyMS=10000, minHeartbeatFrequencyMS=500}, heartbeatSocketSettings=SocketSettings{connectTimeoutMS=20000, readTimeoutMS=20000, keepAlive=false, receiveBufferSize=0, sendBufferSize=0}}}
2018-01-04 04:52:11,829 INFO  org.mongodb.driver.connection - Opened connection [connectionId{localValue:4, serverValue:1124}] to localhost:27017
2018-01-04 04:52:11,830 INFO  org.mongodb.driver.cluster - Monitor thread successfully connected to server with description ServerDescription{address=localhost:27017, type=STANDALONE, state=CONNECTED, ok=true, version=ServerVersion{versionList=[3, 6, 1]}, minWireVersion=0, maxWireVersion=6, electionId=null, maxDocumentSize=16777216, roundTripTimeNanos=289501}
2018-01-04 04:52:12,293 INFO  c.c.dashboard.config.MongoConfig - ReplicaSetfalse
2018-01-04 04:52:12,293 INFO  c.c.dashboard.config.MongoConfig - Initializing Mongo Client server at: localhost:27017
2018-01-04 04:52:12,295 INFO  org.mongodb.driver.cluster - Cluster created with settings {hosts=[localhost:27017], mode=SINGLE, requiredClusterType=UNKNOWN, serverSelectionTimeout='30000 ms', maxWaitQueueSize=500}
2018-01-04 04:52:12,297 INFO  c.c.dashboard.config.MongoConfig - Connecting to Mongo: Mongo{options=MongoClientOptions{description='null', readPreference=primary, writeConcern=WriteConcern{w=1, wtimeout=0, fsync=false, j=false, codecRegistry=org.bson.codecs.configuration.ProvidersCodecRegistry@c62348ab, minConnectionsPerHost=0, maxConnectionsPerHost=100, threadsAllowedToBlockForConnectionMultiplier=5, serverSelectionTimeout=30000, maxWaitTime=120000, maxConnectionIdleTime=60000, maxConnectionLifeTime=0, connectTimeout=10000, socketTimeout=0, socketKeepAlive=false, sslEnabled=false, sslInvalidHostNamesAllowed=false, alwaysUseMBeans=false, heartbeatFrequency=10000, minHeartbeatFrequency=500, heartbeatConnectTimeout=20000, heartbeatSocketTimeout=20000, localThreshold=15, requiredReplicaSetName='null', dbDecoderFactory=com.mongodb.DefaultDBDecoder$1@17ad7d7e, dbEncoderFactory=com.mongodb.DefaultDBEncoder$1@49031529, socketFactory=javax.net.DefaultSocketFactory@6c438feb, cursorFinalizerEnabled=true, connectionPoolSettings=ConnectionPoolSettings{maxSize=100, minSize=0, maxWaitQueueSize=500, maxWaitTimeMS=120000, maxConnectionLifeTimeMS=0, maxConnectionIdleTimeMS=60000, maintenanceInitialDelayMS=0, maintenanceFrequencyMS=60000}, socketSettings=SocketSettings{connectTimeoutMS=10000, readTimeoutMS=0, keepAlive=false, receiveBufferSize=0, sendBufferSize=0}, serverSettings=ServerSettings{heartbeatFrequencyMS=10000, minHeartbeatFrequencyMS=500}, heartbeatSocketSettings=SocketSettings{connectTimeoutMS=20000, readTimeoutMS=20000, keepAlive=false, receiveBufferSize=0, sendBufferSize=0}}}
2018-01-04 04:52:12,349 INFO  org.mongodb.driver.connection - Opened connection [connectionId{localValue:5, serverValue:1125}] to localhost:27017
2018-01-04 04:52:12,350 INFO  org.mongodb.driver.cluster - Monitor thread successfully connected to server with description ServerDescription{address=localhost:27017, type=STANDALONE, state=CONNECTED, ok=true, version=ServerVersion{versionList=[3, 6, 1]}, minWireVersion=0, maxWireVersion=6, electionId=null, maxDocumentSize=16777216, roundTripTimeNanos=257801}
2018-01-04 04:52:13,246 INFO  o.s.j.e.a.AnnotationMBeanExporter - Registering beans for JMX exposure on startup
2018-01-04 04:52:13,258 INFO  o.s.j.e.a.AnnotationMBeanExporter - Bean with name 'configurationPropertiesRebinder' has been autodetected for JMX exposure
2018-01-04 04:52:13,259 INFO  o.s.j.e.a.AnnotationMBeanExporter - Bean with name 'environmentManager' has been autodetected for JMX exposure
2018-01-04 04:52:13,260 INFO  o.s.j.e.a.AnnotationMBeanExporter - Bean with name 'refreshScope' has been autodetected for JMX exposure
2018-01-04 04:52:13,262 INFO  o.s.j.e.a.AnnotationMBeanExporter - Located managed bean 'environmentManager': registering with JMX server as MBean [org.springframework.cloud.context.environment:name=environmentManager,type=EnvironmentManager]
2018-01-04 04:52:13,279 INFO  o.s.j.e.a.AnnotationMBeanExporter - Located managed bean 'refreshScope': registering with JMX server as MBean [org.springframework.cloud.context.scope.refresh:name=refreshScope,type=RefreshScope]
2018-01-04 04:52:13,289 INFO  o.s.j.e.a.AnnotationMBeanExporter - Located managed bean 'configurationPropertiesRebinder': registering with JMX server as MBean [org.springframework.cloud.context.properties:name=configurationPropertiesRebinder,context=1f63e00d,type=ConfigurationPropertiesRebinder]
2018-01-04 04:52:13,381 INFO  com.capitalone.dashboard.Application - Started Application in 6.37 seconds (JVM running for 7.18)
2018-01-04 04:54:10,585 INFO  org.mongodb.driver.connection - Closed connection [connectionId{localValue:2, serverValue:1122}] to localhost:27017 because it is past its maximum allowed idle time.
2018-01-04 04:55:00,001 INFO  c.c.d.collector.CollectorTask - Running Collector: Sonar
2018-01-04 04:55:00,130 INFO  org.mongodb.driver.connection - Opened connection [connectionId{localValue:6, serverValue:1136}] to localhost:27017
2018-01-04 04:55:00,744 INFO  c.c.d.collector.CollectorTask - -----------------------------------
2018-01-04 04:55:00,750 INFO  c.c.d.collector.CollectorTask - http://localhost:9000
2018-01-04 04:55:00,751 INFO  c.c.d.collector.CollectorTask - -----------------------------------
2018-01-04 04:55:00,908 INFO  c.c.d.collector.CollectorTask - Fetched projects   2             0s
2018-01-04 04:55:00,926 INFO  c.c.d.collector.CollectorTask - New projects            2        0s
2018-01-04 04:55:00,955 INFO  c.c.d.collector.CollectorTask - Updated                 0        0s
2018-01-04 04:55:00,957 INFO  c.c.d.collector.CollectorTask - Finished                         0s
2018-01-04 04:56:10,585 INFO  org.mongodb.driver.connection - Closed connection [connectionId{localValue:6, serverValue:1136}] to localhost:27017 because it is past its maximum allowed idle time.
2018-01-04 05:00:00,001 INFO  c.c.d.collector.CollectorTask - Running Collector: Sonar
2018-01-04 05:00:00,082 INFO  org.mongodb.driver.connection - Opened connection [connectionId{localValue:7, serverValue:1143}] to localhost:27017
2018-01-04 05:00:00,107 INFO  c.c.d.collector.CollectorTask - -----------------------------------
2018-01-04 05:00:00,108 INFO  c.c.d.collector.CollectorTask - http://localhost:9000
2018-01-04 05:00:00,116 INFO  c.c.d.collector.CollectorTask - -----------------------------------
2018-01-04 05:00:00,134 INFO  c.c.d.collector.CollectorTask - Fetched projects   2             0s
2018-01-04 05:00:00,134 INFO  c.c.d.collector.CollectorTask - New projects            0        0s
2018-01-04 05:00:00,221 INFO  c.c.d.collector.CollectorTask - Updated                 1        0s
2018-01-04 05:00:00,228 INFO  c.c.d.collector.CollectorTask - Finished                         0s
2018-01-04 05:01:10,585 INFO  org.mongodb.driver.connection - Closed connection [connectionId{localValue:7, serverValue:1143}] to localhost:27017 because it is past its maximum allowed idle time.
2018-01-04 05:05:00,001 INFO  c.c.d.collector.CollectorTask - Running Collector: Sonar
2018-01-04 05:05:00,068 INFO  org.mongodb.driver.connection - Opened connection [connectionId{localValue:8, serverValue:1148}] to localhost:27017
2018-01-04 05:05:00,103 INFO  c.c.d.collector.CollectorTask - -----------------------------------
2018-01-04 05:05:00,104 INFO  c.c.d.collector.CollectorTask - http://localhost:9000
2018-01-04 05:05:00,106 INFO  c.c.d.collector.CollectorTask - -----------------------------------
2018-01-04 05:05:00,126 INFO  c.c.d.collector.CollectorTask - Fetched projects   2             0s
2018-01-04 05:05:00,127 INFO  c.c.d.collector.CollectorTask - New projects            0        0s
2018-01-04 05:05:00,171 INFO  c.c.d.collector.CollectorTask - Updated                 0        0s
2018-01-04 05:05:00,171 INFO  c.c.d.collector.CollectorTask - Finished                         0s
2018-01-04 05:06:10,585 INFO  org.mongodb.driver.connection - Closed connection [connectionId{localValue:8, serverValue:1148}] to localhost:27017 because it is past its maximum allowed idle time.
2018-01-04 05:10:00,000 INFO  c.c.d.collector.CollectorTask - Running Collector: Sonar
2018-01-04 05:10:00,068 INFO  org.mongodb.driver.connection - Opened connection [connectionId{localValue:9, serverValue:1151}] to localhost:27017
2018-01-04 05:10:00,118 INFO  c.c.d.collector.CollectorTask - -----------------------------------
2018-01-04 05:10:00,119 INFO  c.c.d.collector.CollectorTask - http://localhost:9000
2018-01-04 05:10:00,120 INFO  c.c.d.collector.CollectorTask - -----------------------------------
2018-01-04 05:10:00,134 INFO  c.c.d.collector.CollectorTask - Fetched projects   2             0s
2018-01-04 05:10:00,134 INFO  c.c.d.collector.CollectorTask - New projects            0        0s
2018-01-04 05:10:00,157 INFO  c.c.d.collector.CollectorTask - Updated                 0        0s
2018-01-04 05:10:00,158 INFO  c.c.d.collector.CollectorTask - Finished                         0s
2018-01-04 05:11:10,585 INFO  org.mongodb.driver.connection - Closed connection [connectionId{localValue:9, serverValue:1151}] to localhost:27017 because it is past its maximum allowed idle time.
2018-01-04 05:15:00,001 INFO  c.c.d.collector.CollectorTask - Running Collector: Sonar
2018-01-04 05:15:00,037 INFO  org.mongodb.driver.connection - Opened connection [connectionId{localValue:10, serverValue:1153}] to localhost:27017
2018-01-04 05:15:00,065 INFO  c.c.d.collector.CollectorTask - -----------------------------------
2018-01-04 05:15:00,065 INFO  c.c.d.collector.CollectorTask - http://localhost:9000
2018-01-04 05:15:00,065 INFO  c.c.d.collector.CollectorTask - -----------------------------------
2018-01-04 05:15:00,089 INFO  c.c.d.collector.CollectorTask - Fetched projects   2             0s
2018-01-04 05:15:00,089 INFO  c.c.d.collector.CollectorTask - New projects            0        0s
2018-01-04 05:15:00,145 INFO  c.c.d.collector.CollectorTask - Updated                 0        0s
2018-01-04 05:15:00,145 INFO  c.c.d.collector.CollectorTask - Finished                         0s
2018-01-04 05:16:10,585 INFO  org.mongodb.driver.connection - Closed connection [connectionId{localValue:10, serverValue:1153}] to localhost:27017 because it is past its maximum allowed idle time.
2018-01-04 05:20:00,000 INFO  c.c.d.collector.CollectorTask - Running Collector: Sonar
2018-01-04 05:20:00,110 INFO  org.mongodb.driver.connection - Opened connection [connectionId{localValue:11, serverValue:1160}] to localhost:27017
2018-01-04 05:20:00,148 INFO  c.c.d.collector.CollectorTask - -----------------------------------
2018-01-04 05:20:00,155 INFO  c.c.d.collector.CollectorTask - http://localhost:9000
2018-01-04 05:20:00,155 INFO  c.c.d.collector.CollectorTask - -----------------------------------
2018-01-04 05:20:00,174 INFO  c.c.d.collector.CollectorTask - Fetched projects   2             0s
2018-01-04 05:20:00,182 INFO  c.c.d.collector.CollectorTask - New projects            0        0s
2018-01-04 05:20:00,217 INFO  c.c.d.collector.CollectorTask - Updated                 0        0s
2018-01-04 05:20:00,217 INFO  c.c.d.collector.CollectorTask - Finished                         0s
2018-01-04 05:21:10,585 INFO  org.mongodb.driver.connection - Closed connection [connectionId{localValue:11, serverValue:1160}] to localhost:27017 because it is past its maximum allowed idle time.
2018-01-04 05:25:00,000 INFO  c.c.d.collector.CollectorTask - Running Collector: Sonar
2018-01-04 05:25:00,056 INFO  org.mongodb.driver.connection - Opened connection [connectionId{localValue:12, serverValue:1162}] to localhost:27017
2018-01-04 05:25:00,073 INFO  c.c.d.collector.CollectorTask - -----------------------------------
2018-01-04 05:25:00,075 INFO  c.c.d.collector.CollectorTask - http://localhost:9000
2018-01-04 05:25:00,076 INFO  c.c.d.collector.CollectorTask - -----------------------------------
2018-01-04 05:25:00,105 INFO  c.c.d.collector.CollectorTask - Fetched projects   2             0s
2018-01-04 05:25:00,106 INFO  c.c.d.collector.CollectorTask - New projects            0        0s
2018-01-04 05:25:00,141 INFO  c.c.d.collector.CollectorTask - Updated                 0        0s
2018-01-04 05:25:00,142 INFO  c.c.d.collector.CollectorTask - Finished                         0s
2018-01-04 05:26:10,585 INFO  org.mongodb.driver.connection - Closed connection [connectionId{localValue:12, serverValue:1162}] to localhost:27017 because it is past its maximum allowed idle time.
2018-01-04 05:30:00,000 INFO  c.c.d.collector.CollectorTask - Running Collector: Sonar
2018-01-04 05:30:00,043 INFO  org.mongodb.driver.connection - Opened connection [connectionId{localValue:13, serverValue:1166}] to localhost:27017
2018-01-04 05:30:00,051 INFO  c.c.d.collector.CollectorTask - -----------------------------------
2018-01-04 05:30:00,052 INFO  c.c.d.collector.CollectorTask - http://localhost:9000
2018-01-04 05:30:00,052 INFO  c.c.d.collector.CollectorTask - -----------------------------------
2018-01-04 05:30:00,063 INFO  c.c.d.collector.CollectorTask - Fetched projects   2             0s
2018-01-04 05:30:00,063 INFO  c.c.d.collector.CollectorTask - New projects            0        0s
2018-01-04 05:30:00,093 INFO  c.c.d.collector.CollectorTask - Updated                 0        0s
2018-01-04 05:30:00,095 INFO  c.c.d.collector.CollectorTask - Finished                         0s
2018-01-04 05:31:10,585 INFO  org.mongodb.driver.connection - Closed connection [connectionId{localValue:13, serverValue:1166}] to localhost:27017 because it is past its maximum allowed idle time.
2018-01-04 05:35:00,001 INFO  c.c.d.collector.CollectorTask - Running Collector: Sonar
2018-01-04 05:35:00,056 INFO  org.mongodb.driver.connection - Opened connection [connectionId{localValue:14, serverValue:1169}] to localhost:27017
2018-01-04 05:35:00,072 INFO  c.c.d.collector.CollectorTask - -----------------------------------
2018-01-04 05:35:00,075 INFO  c.c.d.collector.CollectorTask - http://localhost:9000
2018-01-04 05:35:00,075 INFO  c.c.d.collector.CollectorTask - -----------------------------------
2018-01-04 05:35:00,103 INFO  c.c.d.collector.CollectorTask - Fetched projects   2             0s
2018-01-04 05:35:00,103 INFO  c.c.d.collector.CollectorTask - New projects            0        0s
2018-01-04 05:35:00,132 INFO  c.c.d.collector.CollectorTask - Updated                 0        0s
2018-01-04 05:35:00,132 INFO  c.c.d.collector.CollectorTask - Finished                         0s
2018-01-04 05:36:10,585 INFO  org.mongodb.driver.connection - Closed connection [connectionId{localValue:14, serverValue:1169}] to localhost:27017 because it is past its maximum allowed idle time.
2018-01-04 05:40:00,001 INFO  c.c.d.collector.CollectorTask - Running Collector: Sonar
2018-01-04 05:40:00,042 INFO  org.mongodb.driver.connection - Opened connection [connectionId{localValue:15, serverValue:1171}] to localhost:27017
2018-01-04 05:40:00,072 INFO  c.c.d.collector.CollectorTask - -----------------------------------
2018-01-04 05:40:00,072 INFO  c.c.d.collector.CollectorTask - http://localhost:9000
2018-01-04 05:40:00,072 INFO  c.c.d.collector.CollectorTask - -----------------------------------
2018-01-04 05:40:00,094 INFO  c.c.d.collector.CollectorTask - Fetched projects   2             0s
2018-01-04 05:40:00,095 INFO  c.c.d.collector.CollectorTask - New projects            0        0s
2018-01-04 05:40:00,111 INFO  c.c.d.collector.CollectorTask - Updated                 0        0s
2018-01-04 05:40:00,111 INFO  c.c.d.collector.CollectorTask - Finished                         0s
2018-01-04 05:41:10,585 INFO  org.mongodb.driver.connection - Closed connection [connectionId{localValue:15, serverValue:1171}] to localhost:27017 because it is past its maximum allowed idle time.
2018-01-04 05:45:00,001 INFO  c.c.d.collector.CollectorTask - Running Collector: Sonar
2018-01-04 05:45:00,069 INFO  org.mongodb.driver.connection - Opened connection [connectionId{localValue:16, serverValue:1176}] to localhost:27017
2018-01-04 05:45:00,091 INFO  c.c.d.collector.CollectorTask - -----------------------------------
2018-01-04 05:45:00,091 INFO  c.c.d.collector.CollectorTask - http://localhost:9000
2018-01-04 05:45:00,093 INFO  c.c.d.collector.CollectorTask - -----------------------------------
2018-01-04 05:45:00,113 INFO  c.c.d.collector.CollectorTask - Fetched projects   2             0s
2018-01-04 05:45:00,113 INFO  c.c.d.collector.CollectorTask - New projects            0        0s
2018-01-04 05:45:00,148 INFO  c.c.d.collector.CollectorTask - Updated                 0        0s
2018-01-04 05:45:00,148 INFO  c.c.d.collector.CollectorTask - Finished                         0s
2018-01-04 05:46:10,585 INFO  org.mongodb.driver.connection - Closed connection [connectionId{localValue:16, serverValue:1176}] to localhost:27017 because it is past its maximum allowed idle time.
2018-01-04 05:50:00,001 INFO  c.c.d.collector.CollectorTask - Running Collector: Sonar
2018-01-04 05:50:00,044 INFO  org.mongodb.driver.connection - Opened connection [connectionId{localValue:17, serverValue:1180}] to localhost:27017
2018-01-04 05:50:00,063 INFO  c.c.d.collector.CollectorTask - -----------------------------------
2018-01-04 05:50:00,064 INFO  c.c.d.collector.CollectorTask - http://localhost:9000
2018-01-04 05:50:00,064 INFO  c.c.d.collector.CollectorTask - -----------------------------------
2018-01-04 05:50:00,082 INFO  c.c.d.collector.CollectorTask - Fetched projects   2             0s
2018-01-04 05:50:00,082 INFO  c.c.d.collector.CollectorTask - New projects            0        0s
2018-01-04 05:50:00,115 INFO  c.c.d.collector.CollectorTask - Updated                 0        0s
2018-01-04 05:50:00,122 INFO  c.c.d.collector.CollectorTask - Finished                         0s
2018-01-04 05:51:10,585 INFO  org.mongodb.driver.connection - Closed connection [connectionId{localValue:17, serverValue:1180}] to localhost:27017 because it is past its maximum allowed idle time.
2018-01-04 05:55:00,000 INFO  c.c.d.collector.CollectorTask - Running Collector: Sonar
2018-01-04 05:55:00,057 INFO  org.mongodb.driver.connection - Opened connection [connectionId{localValue:18, serverValue:1182}] to localhost:27017
2018-01-04 05:55:00,074 INFO  c.c.d.collector.CollectorTask - -----------------------------------
2018-01-04 05:55:00,075 INFO  c.c.d.collector.CollectorTask - http://localhost:9000
2018-01-04 05:55:00,075 INFO  c.c.d.collector.CollectorTask - -----------------------------------
2018-01-04 05:55:00,101 INFO  c.c.d.collector.CollectorTask - Fetched projects   2             0s
2018-01-04 05:55:00,101 INFO  c.c.d.collector.CollectorTask - New projects            0        0s
2018-01-04 05:55:00,132 INFO  c.c.d.collector.CollectorTask - Updated                 0        0s
2018-01-04 05:55:00,132 INFO  c.c.d.collector.CollectorTask - Finished                         0s
2018-01-04 05:56:10,585 INFO  org.mongodb.driver.connection - Closed connection [connectionId{localValue:18, serverValue:1182}] to localhost:27017 because it is past its maximum allowed idle time.
2018-01-04 06:00:00,001 INFO  c.c.d.collector.CollectorTask - Running Collector: Sonar
2018-01-04 06:00:00,076 INFO  org.mongodb.driver.connection - Opened connection [connectionId{localValue:19, serverValue:1185}] to localhost:27017
2018-01-04 06:00:00,110 INFO  c.c.d.collector.CollectorTask - -----------------------------------
2018-01-04 06:00:00,110 INFO  c.c.d.collector.CollectorTask - http://localhost:9000
2018-01-04 06:00:00,111 INFO  c.c.d.collector.CollectorTask - -----------------------------------
2018-01-04 06:00:00,125 INFO  c.c.d.collector.CollectorTask - Fetched projects   2             0s
2018-01-04 06:00:00,125 INFO  c.c.d.collector.CollectorTask - New projects            0        0s
2018-01-04 06:00:00,160 INFO  c.c.d.collector.CollectorTask - Updated                 0        0s
2018-01-04 06:00:00,160 INFO  c.c.d.collector.CollectorTask - Finished                         0s
2018-01-04 06:01:10,585 INFO  org.mongodb.driver.connection - Closed connection [connectionId{localValue:19, serverValue:1185}] to localhost:27017 because it is past its maximum allowed idle time.
2018-01-04 06:05:00,000 INFO  c.c.d.collector.CollectorTask - Running Collector: Sonar
2018-01-04 06:05:00,032 INFO  org.mongodb.driver.connection - Opened connection [connectionId{localValue:20, serverValue:1186}] to localhost:27017
2018-01-04 06:05:00,060 INFO  c.c.d.collector.CollectorTask - -----------------------------------
2018-01-04 06:05:00,073 INFO  c.c.d.collector.CollectorTask - http://localhost:9000
2018-01-04 06:05:00,076 INFO  c.c.d.collector.CollectorTask - -----------------------------------
2018-01-04 06:05:00,093 INFO  c.c.d.collector.CollectorTask - Fetched projects   2             0s
2018-01-04 06:05:00,093 INFO  c.c.d.collector.CollectorTask - New projects            0        0s
2018-01-04 06:05:00,117 INFO  c.c.d.collector.CollectorTask - Updated                 0        0s
2018-01-04 06:05:00,117 INFO  c.c.d.collector.CollectorTask - Finished                         0s
2018-01-04 06:06:10,585 INFO  org.mongodb.driver.connection - Closed connection [connectionId{localValue:20, serverValue:1186}] to localhost:27017 because it is past its maximum allowed idle time.
2018-01-04 06:10:00,000 INFO  c.c.d.collector.CollectorTask - Running Collector: Sonar
2018-01-04 06:10:00,019 INFO  org.mongodb.driver.connection - Opened connection [connectionId{localValue:21, serverValue:1189}] to localhost:27017
2018-01-04 06:10:00,028 INFO  c.c.d.collector.CollectorTask - -----------------------------------
2018-01-04 06:10:00,028 INFO  c.c.d.collector.CollectorTask - http://localhost:9000
2018-01-04 06:10:00,028 INFO  c.c.d.collector.CollectorTask - -----------------------------------
2018-01-04 06:10:00,038 INFO  c.c.d.collector.CollectorTask - Fetched projects   2             0s
2018-01-04 06:10:00,038 INFO  c.c.d.collector.CollectorTask - New projects            0        0s
2018-01-04 06:10:00,059 INFO  c.c.d.collector.CollectorTask - Updated                 0        0s
2018-01-04 06:10:00,059 INFO  c.c.d.collector.CollectorTask - Finished                         0s
2018-01-04 06:11:10,585 INFO  org.mongodb.driver.connection - Closed connection [connectionId{localValue:21, serverValue:1189}] to localhost:27017 because it is past its maximum allowed idle time.
2018-01-04 06:11:25,380 INFO  o.s.c.a.AnnotationConfigApplicationContext - Closing org.springframework.context.annotation.AnnotationConfigApplicationContext@1f63e00d: startup date [Thu Jan 04 04:52:08 UTC 2018]; parent: org.springframework.context.annotation.AnnotationConfigApplicationContext@7919964f
2018-01-04 06:11:25,394 INFO  o.s.j.e.a.AnnotationMBeanExporter - Unregistering JMX-exposed beans on shutdown
2018-01-04 06:11:25,395 INFO  o.s.j.e.a.AnnotationMBeanExporter - Unregistering JMX-exposed beans
2018-01-04 06:11:25,438 INFO  org.mongodb.driver.connection - Opened connection [connectionId{localValue:22, serverValue:1190}] to localhost:27017
2018-01-04 06:11:25,447 INFO  o.s.s.c.ThreadPoolTaskScheduler - Shutting down ExecutorService 'taskScheduler'
