2018-01-08 08:43:06,857 INFO  com.capitalone.dashboard.Application - Starting Application v2.0.5-SNAPSHOT on 1c594c192982 with PID 19 (/hygieia/sonar-codequality-collector-2.0.5-SNAPSHOT.jar started by root in /hygieia)
2018-01-08 08:43:06,959 INFO  o.s.c.a.AnnotationConfigApplicationContext - Refreshing org.springframework.context.annotation.AnnotationConfigApplicationContext@d05bdd: startup date [Mon Jan 08 08:43:06 UTC 2018]; root of context hierarchy
2018-01-08 08:43:10,474 INFO  c.u.j.EnableEncryptablePropertySourcesPostProcessor - Post-processing PropertySource instances
2018-01-08 08:43:10,569 INFO  c.u.j.c.StringEncryptorConfiguration - String Encryptor custom Bean not found with name 'jasyptStringEncryptor'. Initializing String Encryptor based on properties with name 'jasyptStringEncryptor'
2018-01-08 08:43:10,579 INFO  c.u.j.EnableEncryptablePropertySourcesPostProcessor - Converting PropertySource commandLineArgs [org.springframework.core.env.SimpleCommandLinePropertySource] to EncryptableEnumerablePropertySourceWrapper
2018-01-08 08:43:10,580 INFO  c.u.j.EnableEncryptablePropertySourcesPostProcessor - Converting PropertySource systemProperties [org.springframework.core.env.MapPropertySource] to EncryptableMapPropertySourceWrapper
2018-01-08 08:43:10,581 INFO  c.u.j.EnableEncryptablePropertySourcesPostProcessor - Converting PropertySource systemEnvironment [org.springframework.core.env.SystemEnvironmentPropertySource] to EncryptableMapPropertySourceWrapper
2018-01-08 08:43:10,581 INFO  c.u.j.EnableEncryptablePropertySourcesPostProcessor - Converting PropertySource random [org.springframework.boot.context.config.RandomValuePropertySource] to EncryptablePropertySourceWrapper
2018-01-08 08:43:10,582 INFO  c.u.j.EnableEncryptablePropertySourcesPostProcessor - Converting PropertySource applicationConfig: [file:/hygieia/hygieia-sonar-codequality-collector.properties] [org.springframework.core.env.PropertiesPropertySource] to EncryptableMapPropertySourceWrapper
2018-01-08 08:43:10,604 INFO  o.s.b.f.a.AutowiredAnnotationBeanPostProcessor - JSR-330 'javax.inject.Inject' annotation found and supported for autowiring
2018-01-08 08:43:10,769 INFO  o.h.validator.internal.util.Version - HV000001: Hibernate Validator 5.1.3.Final
2018-01-08 08:43:12,660 INFO  o.s.s.c.ThreadPoolTaskScheduler - Initializing ExecutorService  'taskScheduler'
2018-01-08 08:43:13,077 INFO  c.c.dashboard.config.MongoConfig - ReplicaSetfalse
2018-01-08 08:43:13,079 INFO  c.c.dashboard.config.MongoConfig - Initializing Mongo Client server at: 172.17.0.2:27017
2018-01-08 08:43:13,483 INFO  org.mongodb.driver.cluster - Cluster created with settings {hosts=[172.17.0.2:27017], mode=SINGLE, requiredClusterType=UNKNOWN, serverSelectionTimeout='30000 ms', maxWaitQueueSize=500}
2018-01-08 08:43:13,640 INFO  c.c.dashboard.config.MongoConfig - Connecting to Mongo: Mongo{options=MongoClientOptions{description='null', readPreference=primary, writeConcern=WriteConcern{w=1, wtimeout=0, fsync=false, j=false, codecRegistry=org.bson.codecs.configuration.ProvidersCodecRegistry@99717f7c, minConnectionsPerHost=0, maxConnectionsPerHost=100, threadsAllowedToBlockForConnectionMultiplier=5, serverSelectionTimeout=30000, maxWaitTime=120000, maxConnectionIdleTime=0, maxConnectionLifeTime=0, connectTimeout=10000, socketTimeout=0, socketKeepAlive=false, sslEnabled=false, sslInvalidHostNamesAllowed=false, alwaysUseMBeans=false, heartbeatFrequency=10000, minHeartbeatFrequency=500, heartbeatConnectTimeout=20000, heartbeatSocketTimeout=20000, localThreshold=15, requiredReplicaSetName='null', dbDecoderFactory=com.mongodb.DefaultDBDecoder$1@1a98f3a2, dbEncoderFactory=com.mongodb.DefaultDBEncoder$1@27eb5ee5, socketFactory=javax.net.DefaultSocketFactory@37ea0bca, cursorFinalizerEnabled=true, connectionPoolSettings=ConnectionPoolSettings{maxSize=100, minSize=0, maxWaitQueueSize=500, maxWaitTimeMS=120000, maxConnectionLifeTimeMS=0, maxConnectionIdleTimeMS=0, maintenanceInitialDelayMS=0, maintenanceFrequencyMS=60000}, socketSettings=SocketSettings{connectTimeoutMS=10000, readTimeoutMS=0, keepAlive=false, receiveBufferSize=0, sendBufferSize=0}, serverSettings=ServerSettings{heartbeatFrequencyMS=10000, minHeartbeatFrequencyMS=500}, heartbeatSocketSettings=SocketSettings{connectTimeoutMS=20000, readTimeoutMS=20000, keepAlive=false, receiveBufferSize=0, sendBufferSize=0}}}
2018-01-08 08:43:13,902 INFO  org.mongodb.driver.cluster - Exception in monitor thread while connecting to server 172.17.0.2:27017
com.mongodb.MongoSecurityException: Exception authenticating MongoCredential{mechanism=SCRAM-SHA-1, userName='db', source='dashboard', password=<hidden>, mechanismProperties={}}
	at com.mongodb.connection.SaslAuthenticator.authenticate(SaslAuthenticator.java:61) ~[mongo-java-driver-3.0.2.jar!/:na]
	at com.mongodb.connection.InternalStreamConnectionInitializer.authenticateAll(InternalStreamConnectionInitializer.java:99) ~[mongo-java-driver-3.0.2.jar!/:na]
	at com.mongodb.connection.InternalStreamConnectionInitializer.initialize(InternalStreamConnectionInitializer.java:44) ~[mongo-java-driver-3.0.2.jar!/:na]
	at com.mongodb.connection.InternalStreamConnection.open(InternalStreamConnection.java:115) ~[mongo-java-driver-3.0.2.jar!/:na]
	at com.mongodb.connection.DefaultServerMonitor$ServerMonitorRunnable.run(DefaultServerMonitor.java:127) ~[mongo-java-driver-3.0.2.jar!/:na]
	at java.lang.Thread.run(Thread.java:745) [na:1.8.0_111]
Caused by: com.mongodb.MongoCommandException: Command failed with error 18: 'Authentication failed.' on server 172.17.0.2:27017. The full response is { "ok" : 0.0, "errmsg" : "Authentication failed.", "code" : 18, "codeName" : "AuthenticationFailed" }
	at com.mongodb.connection.CommandHelper.createCommandFailureException(CommandHelper.java:168) ~[mongo-java-driver-3.0.2.jar!/:na]
	at com.mongodb.connection.CommandHelper.receiveCommandResult(CommandHelper.java:123) ~[mongo-java-driver-3.0.2.jar!/:na]
	at com.mongodb.connection.CommandHelper.executeCommand(CommandHelper.java:32) ~[mongo-java-driver-3.0.2.jar!/:na]
	at com.mongodb.connection.SaslAuthenticator.sendSaslStart(SaslAuthenticator.java:95) ~[mongo-java-driver-3.0.2.jar!/:na]
	at com.mongodb.connection.SaslAuthenticator.authenticate(SaslAuthenticator.java:45) ~[mongo-java-driver-3.0.2.jar!/:na]
	... 5 common frames omitted
2018-01-08 08:43:14,635 INFO  org.mongodb.driver.cluster - No server chosen by ReadPreferenceServerSelector{readPreference=primary} from cluster description ClusterDescription{type=UNKNOWN, connectionMode=SINGLE, all=[ServerDescription{address=172.17.0.2:27017, type=UNKNOWN, state=CONNECTING, exception={com.mongodb.MongoSecurityException: Exception authenticating MongoCredential{mechanism=SCRAM-SHA-1, userName='db', source='dashboard', password=<hidden>, mechanismProperties={}}}, caused by {com.mongodb.MongoCommandException: Command failed with error 18: 'Authentication failed.' on server 172.17.0.2:27017. The full response is { "ok" : 0.0, "errmsg" : "Authentication failed.", "code" : 18, "codeName" : "AuthenticationFailed" }}}]}. Waiting for 30000 ms before timing out
2018-01-08 08:43:44,634 WARN  o.s.c.a.AnnotationConfigApplicationContext - Exception encountered during context initialization - cancelling refresh attempt
org.springframework.beans.factory.BeanCreationException: Error creating bean with name 'sonarCollectorTask': Invocation of init method failed; nested exception is org.springframework.dao.DataAccessResourceFailureException: Timed out after 30000 ms while waiting for a server that matches ReadPreferenceServerSelector{readPreference=primary}. Client view of cluster state is {type=UNKNOWN, servers=[{address=172.17.0.2:27017, type=UNKNOWN, state=CONNECTING, exception={com.mongodb.MongoSecurityException: Exception authenticating MongoCredential{mechanism=SCRAM-SHA-1, userName='db', source='dashboard', password=<hidden>, mechanismProperties={}}}, caused by {com.mongodb.MongoCommandException: Command failed with error 18: 'Authentication failed.' on server 172.17.0.2:27017. The full response is { "ok" : 0.0, "errmsg" : "Authentication failed.", "code" : 18, "codeName" : "AuthenticationFailed" }}}]; nested exception is com.mongodb.MongoTimeoutException: Timed out after 30000 ms while waiting for a server that matches ReadPreferenceServerSelector{readPreference=primary}. Client view of cluster state is {type=UNKNOWN, servers=[{address=172.17.0.2:27017, type=UNKNOWN, state=CONNECTING, exception={com.mongodb.MongoSecurityException: Exception authenticating MongoCredential{mechanism=SCRAM-SHA-1, userName='db', source='dashboard', password=<hidden>, mechanismProperties={}}}, caused by {com.mongodb.MongoCommandException: Command failed with error 18: 'Authentication failed.' on server 172.17.0.2:27017. The full response is { "ok" : 0.0, "errmsg" : "Authentication failed.", "code" : 18, "codeName" : "AuthenticationFailed" }}}]
	at org.springframework.beans.factory.annotation.InitDestroyAnnotationBeanPostProcessor.postProcessBeforeInitialization(InitDestroyAnnotationBeanPostProcessor.java:136) ~[spring-beans-4.1.7.RELEASE.jar!/:4.1.7.RELEASE]
	at org.springframework.beans.factory.support.AbstractAutowireCapableBeanFactory.applyBeanPostProcessorsBeforeInitialization(AbstractAutowireCapableBeanFactory.java:408) ~[spring-beans-4.1.7.RELEASE.jar!/:4.1.7.RELEASE]
	at org.springframework.beans.factory.support.AbstractAutowireCapableBeanFactory.initializeBean(AbstractAutowireCapableBeanFactory.java:1566) ~[spring-beans-4.1.7.RELEASE.jar!/:4.1.7.RELEASE]
	at org.springframework.beans.factory.support.AbstractAutowireCapableBeanFactory.doCreateBean(AbstractAutowireCapableBeanFactory.java:539) ~[spring-beans-4.1.7.RELEASE.jar!/:4.1.7.RELEASE]
	at org.springframework.beans.factory.support.AbstractAutowireCapableBeanFactory.createBean(AbstractAutowireCapableBeanFactory.java:476) ~[spring-beans-4.1.7.RELEASE.jar!/:4.1.7.RELEASE]
	at org.springframework.beans.factory.support.AbstractBeanFactory$1.getObject(AbstractBeanFactory.java:303) ~[spring-beans-4.1.7.RELEASE.jar!/:4.1.7.RELEASE]
	at org.springframework.beans.factory.support.DefaultSingletonBeanRegistry.getSingleton(DefaultSingletonBeanRegistry.java:230) ~[spring-beans-4.1.7.RELEASE.jar!/:4.1.7.RELEASE]
	at org.springframework.beans.factory.support.AbstractBeanFactory.doGetBean(AbstractBeanFactory.java:299) ~[spring-beans-4.1.7.RELEASE.jar!/:4.1.7.RELEASE]
	at org.springframework.beans.factory.support.AbstractBeanFactory.getBean(AbstractBeanFactory.java:194) ~[spring-beans-4.1.7.RELEASE.jar!/:4.1.7.RELEASE]
	at org.springframework.beans.factory.support.DefaultListableBeanFactory.preInstantiateSingletons(DefaultListableBeanFactory.java:755) ~[spring-beans-4.1.7.RELEASE.jar!/:4.1.7.RELEASE]
	at org.springframework.context.support.AbstractApplicationContext.finishBeanFactoryInitialization(AbstractApplicationContext.java:757) ~[spring-context-4.1.7.RELEASE.jar!/:4.1.7.RELEASE]
	at org.springframework.context.support.AbstractApplicationContext.refresh(AbstractApplicationContext.java:480) ~[spring-context-4.1.7.RELEASE.jar!/:4.1.7.RELEASE]
	at org.springframework.boot.SpringApplication.refresh(SpringApplication.java:686) [spring-boot-1.2.5.RELEASE.jar!/:1.2.5.RELEASE]
	at org.springframework.boot.SpringApplication.run(SpringApplication.java:320) [spring-boot-1.2.5.RELEASE.jar!/:1.2.5.RELEASE]
	at org.springframework.boot.SpringApplication.run(SpringApplication.java:957) [spring-boot-1.2.5.RELEASE.jar!/:1.2.5.RELEASE]
	at org.springframework.boot.SpringApplication.run(SpringApplication.java:946) [spring-boot-1.2.5.RELEASE.jar!/:1.2.5.RELEASE]
	at com.capitalone.dashboard.Application.main(Application.java:13) [sonar-codequality-collector-2.0.5-SNAPSHOT.jar!/:2.0.5-SNAPSHOT]
	at sun.reflect.NativeMethodAccessorImpl.invoke0(Native Method) ~[na:1.8.0_111]
	at sun.reflect.NativeMethodAccessorImpl.invoke(NativeMethodAccessorImpl.java:62) ~[na:1.8.0_111]
	at sun.reflect.DelegatingMethodAccessorImpl.invoke(DelegatingMethodAccessorImpl.java:43) ~[na:1.8.0_111]
	at java.lang.reflect.Method.invoke(Method.java:498) ~[na:1.8.0_111]
	at org.springframework.boot.loader.MainMethodRunner.run(MainMethodRunner.java:53) [sonar-codequality-collector-2.0.5-SNAPSHOT.jar!/:2.0.5-SNAPSHOT]
	at java.lang.Thread.run(Thread.java:745) [na:1.8.0_111]
Caused by: org.springframework.dao.DataAccessResourceFailureException: Timed out after 30000 ms while waiting for a server that matches ReadPreferenceServerSelector{readPreference=primary}. Client view of cluster state is {type=UNKNOWN, servers=[{address=172.17.0.2:27017, type=UNKNOWN, state=CONNECTING, exception={com.mongodb.MongoSecurityException: Exception authenticating MongoCredential{mechanism=SCRAM-SHA-1, userName='db', source='dashboard', password=<hidden>, mechanismProperties={}}}, caused by {com.mongodb.MongoCommandException: Command failed with error 18: 'Authentication failed.' on server 172.17.0.2:27017. The full response is { "ok" : 0.0, "errmsg" : "Authentication failed.", "code" : 18, "codeName" : "AuthenticationFailed" }}}]; nested exception is com.mongodb.MongoTimeoutException: Timed out after 30000 ms while waiting for a server that matches ReadPreferenceServerSelector{readPreference=primary}. Client view of cluster state is {type=UNKNOWN, servers=[{address=172.17.0.2:27017, type=UNKNOWN, state=CONNECTING, exception={com.mongodb.MongoSecurityException: Exception authenticating MongoCredential{mechanism=SCRAM-SHA-1, userName='db', source='dashboard', password=<hidden>, mechanismProperties={}}}, caused by {com.mongodb.MongoCommandException: Command failed with error 18: 'Authentication failed.' on server 172.17.0.2:27017. The full response is { "ok" : 0.0, "errmsg" : "Authentication failed.", "code" : 18, "codeName" : "AuthenticationFailed" }}}]
	at org.springframework.data.mongodb.core.MongoExceptionTranslator.translateExceptionIfPossible(MongoExceptionTranslator.java:75) ~[spring-data-mongodb-1.8.0.RELEASE.jar!/:na]
	at org.springframework.data.mongodb.core.MongoTemplate.potentiallyConvertRuntimeException(MongoTemplate.java:2013) ~[spring-data-mongodb-1.8.0.RELEASE.jar!/:na]
	at org.springframework.data.mongodb.core.MongoTemplate.executeFindOneInternal(MongoTemplate.java:1843) ~[spring-data-mongodb-1.8.0.RELEASE.jar!/:na]
	at org.springframework.data.mongodb.core.MongoTemplate.doFindOne(MongoTemplate.java:1656) ~[spring-data-mongodb-1.8.0.RELEASE.jar!/:na]
	at org.springframework.data.mongodb.core.MongoTemplate.findOne(MongoTemplate.java:564) ~[spring-data-mongodb-1.8.0.RELEASE.jar!/:na]
	at org.springframework.data.mongodb.repository.query.AbstractMongoQuery$SingleEntityExecution.execute(AbstractMongoQuery.java:312) ~[spring-data-mongodb-1.8.0.RELEASE.jar!/:na]
	at org.springframework.data.mongodb.repository.query.AbstractMongoQuery.execute(AbstractMongoQuery.java:108) ~[spring-data-mongodb-1.8.0.RELEASE.jar!/:na]
	at org.springframework.data.repository.core.support.RepositoryFactorySupport$QueryExecutorMethodInterceptor.doInvoke(RepositoryFactorySupport.java:454) ~[spring-data-commons-1.11.0.RELEASE.jar!/:na]
	at org.springframework.data.repository.core.support.RepositoryFactorySupport$QueryExecutorMethodInterceptor.invoke(RepositoryFactorySupport.java:432) ~[spring-data-commons-1.11.0.RELEASE.jar!/:na]
	at org.springframework.aop.framework.ReflectiveMethodInvocation.proceed(ReflectiveMethodInvocation.java:179) ~[spring-aop-4.1.7.RELEASE.jar!/:4.1.7.RELEASE]
	at org.springframework.data.projection.DefaultMethodInvokingMethodInterceptor.invoke(DefaultMethodInvokingMethodInterceptor.java:61) ~[spring-data-commons-1.11.0.RELEASE.jar!/:na]
	at org.springframework.aop.framework.ReflectiveMethodInvocation.proceed(ReflectiveMethodInvocation.java:179) ~[spring-aop-4.1.7.RELEASE.jar!/:4.1.7.RELEASE]
	at org.springframework.aop.interceptor.ExposeInvocationInterceptor.invoke(ExposeInvocationInterceptor.java:92) ~[spring-aop-4.1.7.RELEASE.jar!/:4.1.7.RELEASE]
	at org.springframework.aop.framework.ReflectiveMethodInvocation.proceed(ReflectiveMethodInvocation.java:179) ~[spring-aop-4.1.7.RELEASE.jar!/:4.1.7.RELEASE]
	at org.springframework.aop.framework.JdkDynamicAopProxy.invoke(JdkDynamicAopProxy.java:207) ~[spring-aop-4.1.7.RELEASE.jar!/:4.1.7.RELEASE]
	at com.sun.proxy.$Proxy37.findByName(Unknown Source) ~[na:na]
	at com.capitalone.dashboard.collector.CollectorTask.setOnline(CollectorTask.java:91) ~[core-2.0.5-SNAPSHOT.jar!/:2.0.5-SNAPSHOT]
	at com.capitalone.dashboard.collector.CollectorTask.onStartup(CollectorTask.java:74) ~[core-2.0.5-SNAPSHOT.jar!/:2.0.5-SNAPSHOT]
	at sun.reflect.NativeMethodAccessorImpl.invoke0(Native Method) ~[na:1.8.0_111]
	at sun.reflect.NativeMethodAccessorImpl.invoke(NativeMethodAccessorImpl.java:62) ~[na:1.8.0_111]
	at sun.reflect.DelegatingMethodAccessorImpl.invoke(DelegatingMethodAccessorImpl.java:43) ~[na:1.8.0_111]
	at java.lang.reflect.Method.invoke(Method.java:498) ~[na:1.8.0_111]
	at org.springframework.beans.factory.annotation.InitDestroyAnnotationBeanPostProcessor$LifecycleElement.invoke(InitDestroyAnnotationBeanPostProcessor.java:349) ~[spring-beans-4.1.7.RELEASE.jar!/:4.1.7.RELEASE]
	at org.springframework.beans.factory.annotation.InitDestroyAnnotationBeanPostProcessor$LifecycleMetadata.invokeInitMethods(InitDestroyAnnotationBeanPostProcessor.java:300) ~[spring-beans-4.1.7.RELEASE.jar!/:4.1.7.RELEASE]
	at org.springframework.beans.factory.annotation.InitDestroyAnnotationBeanPostProcessor.postProcessBeforeInitialization(InitDestroyAnnotationBeanPostProcessor.java:133) ~[spring-beans-4.1.7.RELEASE.jar!/:4.1.7.RELEASE]
	... 22 common frames omitted
Caused by: com.mongodb.MongoTimeoutException: Timed out after 30000 ms while waiting for a server that matches ReadPreferenceServerSelector{readPreference=primary}. Client view of cluster state is {type=UNKNOWN, servers=[{address=172.17.0.2:27017, type=UNKNOWN, state=CONNECTING, exception={com.mongodb.MongoSecurityException: Exception authenticating MongoCredential{mechanism=SCRAM-SHA-1, userName='db', source='dashboard', password=<hidden>, mechanismProperties={}}}, caused by {com.mongodb.MongoCommandException: Command failed with error 18: 'Authentication failed.' on server 172.17.0.2:27017. The full response is { "ok" : 0.0, "errmsg" : "Authentication failed.", "code" : 18, "codeName" : "AuthenticationFailed" }}}]
	at com.mongodb.connection.BaseCluster.createTimeoutException(BaseCluster.java:370) ~[mongo-java-driver-3.0.2.jar!/:na]
	at com.mongodb.connection.BaseCluster.selectServer(BaseCluster.java:101) ~[mongo-java-driver-3.0.2.jar!/:na]
	at com.mongodb.binding.ClusterBinding$ClusterBindingConnectionSource.<init>(ClusterBinding.java:75) ~[mongo-java-driver-3.0.2.jar!/:na]
	at com.mongodb.binding.ClusterBinding$ClusterBindingConnectionSource.<init>(ClusterBinding.java:71) ~[mongo-java-driver-3.0.2.jar!/:na]
	at com.mongodb.binding.ClusterBinding.getReadConnectionSource(ClusterBinding.java:63) ~[mongo-java-driver-3.0.2.jar!/:na]
	at com.mongodb.operation.OperationHelper.withConnection(OperationHelper.java:166) ~[mongo-java-driver-3.0.2.jar!/:na]
	at com.mongodb.operation.FindOperation.execute(FindOperation.java:394) ~[mongo-java-driver-3.0.2.jar!/:na]
	at com.mongodb.operation.FindOperation.execute(FindOperation.java:57) ~[mongo-java-driver-3.0.2.jar!/:na]
	at com.mongodb.Mongo.execute(Mongo.java:738) ~[mongo-java-driver-3.0.2.jar!/:na]
	at com.mongodb.Mongo$2.execute(Mongo.java:725) ~[mongo-java-driver-3.0.2.jar!/:na]
	at com.mongodb.DBCollection.findOne(DBCollection.java:737) ~[mongo-java-driver-3.0.2.jar!/:na]
	at com.mongodb.DBCollection.findOne(DBCollection.java:710) ~[mongo-java-driver-3.0.2.jar!/:na]
	at com.mongodb.DBCollection.findOne(DBCollection.java:657) ~[mongo-java-driver-3.0.2.jar!/:na]
	at org.springframework.data.mongodb.core.MongoTemplate$FindOneCallback.doInCollection(MongoTemplate.java:2080) ~[spring-data-mongodb-1.8.0.RELEASE.jar!/:na]
	at org.springframework.data.mongodb.core.MongoTemplate$FindOneCallback.doInCollection(MongoTemplate.java:2064) ~[spring-data-mongodb-1.8.0.RELEASE.jar!/:na]
	at org.springframework.data.mongodb.core.MongoTemplate.executeFindOneInternal(MongoTemplate.java:1839) ~[spring-data-mongodb-1.8.0.RELEASE.jar!/:na]
	... 44 common frames omitted
2018-01-08 08:43:44,636 INFO  o.s.s.c.ThreadPoolTaskScheduler - Shutting down ExecutorService 'taskScheduler'
2018-01-08 08:43:44,639 INFO  o.s.b.l.ClasspathLoggingApplicationListener - Application failed to start with classpath: [jar:file:/hygieia/sonar-codequality-collector-2.0.5-SNAPSHOT.jar!/, jar:file:/hygieia/sonar-codequality-collector-2.0.5-SNAPSHOT.jar!/lib/core-2.0.5-SNAPSHOT.jar!/, jar:file:/hygieia/sonar-codequality-collector-2.0.5-SNAPSHOT.jar!/lib/spring-boot-1.2.5.RELEASE.jar!/, jar:file:/hygieia/sonar-codequality-collector-2.0.5-SNAPSHOT.jar!/lib/spring-test-4.1.7.RELEASE.jar!/, jar:file:/hygieia/sonar-codequality-collector-2.0.5-SNAPSHOT.jar!/lib/spring-data-mongodb-1.8.0.RELEASE.jar!/, jar:file:/hygieia/sonar-codequality-collector-2.0.5-SNAPSHOT.jar!/lib/spring-expression-4.1.7.RELEASE.jar!/, jar:file:/hygieia/sonar-codequality-collector-2.0.5-SNAPSHOT.jar!/lib/spring-data-commons-1.11.0.RELEASE.jar!/, jar:file:/hygieia/sonar-codequality-collector-2.0.5-SNAPSHOT.jar!/lib/slf4j-api-1.7.12.jar!/, jar:file:/hygieia/sonar-codequality-collector-2.0.5-SNAPSHOT.jar!/lib/jcl-over-slf4j-1.7.12.jar!/, jar:file:/hygieia/sonar-codequality-collector-2.0.5-SNAPSHOT.jar!/lib/querydsl-jpa-3.6.0.jar!/, jar:file:/hygieia/sonar-codequality-collector-2.0.5-SNAPSHOT.jar!/lib/querydsl-core-3.6.0.jar!/, jar:file:/hygieia/sonar-codequality-collector-2.0.5-SNAPSHOT.jar!/lib/guava-18.0.jar!/, jar:file:/hygieia/sonar-codequality-collector-2.0.5-SNAPSHOT.jar!/lib/jsr305-1.3.9.jar!/, jar:file:/hygieia/sonar-codequality-collector-2.0.5-SNAPSHOT.jar!/lib/mysema-commons-lang-0.2.4.jar!/, jar:file:/hygieia/sonar-codequality-collector-2.0.5-SNAPSHOT.jar!/lib/bridge-method-annotation-1.13.jar!/, jar:file:/hygieia/sonar-codequality-collector-2.0.5-SNAPSHOT.jar!/lib/querydsl-apt-3.6.0.jar!/, jar:file:/hygieia/sonar-codequality-collector-2.0.5-SNAPSHOT.jar!/lib/querydsl-codegen-3.6.0.jar!/, jar:file:/hygieia/sonar-codequality-collector-2.0.5-SNAPSHOT.jar!/lib/codegen-0.6.5.jar!/, jar:file:/hygieia/sonar-codequality-collector-2.0.5-SNAPSHOT.jar!/lib/ecj-4.3.1.jar!/, jar:file:/hygieia/sonar-codequality-collector-2.0.5-SNAPSHOT.jar!/lib/javax.inject-1.jar!/, jar:file:/hygieia/sonar-codequality-collector-2.0.5-SNAPSHOT.jar!/lib/querydsl-mongodb-3.6.0.jar!/, jar:file:/hygieia/sonar-codequality-collector-2.0.5-SNAPSHOT.jar!/lib/jasypt-spring-boot-starter-1.9.jar!/, jar:file:/hygieia/sonar-codequality-collector-2.0.5-SNAPSHOT.jar!/lib/jasypt-spring-boot-1.9.jar!/, jar:file:/hygieia/sonar-codequality-collector-2.0.5-SNAPSHOT.jar!/lib/jasypt-1.9.2.jar!/, jar:file:/hygieia/sonar-codequality-collector-2.0.5-SNAPSHOT.jar!/lib/validation-api-1.1.0.Final.jar!/, jar:file:/hygieia/sonar-codequality-collector-2.0.5-SNAPSHOT.jar!/lib/hibernate-validator-5.1.3.Final.jar!/, jar:file:/hygieia/sonar-codequality-collector-2.0.5-SNAPSHOT.jar!/lib/jboss-logging-3.1.3.GA.jar!/, jar:file:/hygieia/sonar-codequality-collector-2.0.5-SNAPSHOT.jar!/lib/classmate-1.0.0.jar!/, jar:file:/hygieia/sonar-codequality-collector-2.0.5-SNAPSHOT.jar!/lib/javax.el-api-2.2.4.jar!/, jar:file:/hygieia/sonar-codequality-collector-2.0.5-SNAPSHOT.jar!/lib/commons-beanutils-1.9.2.jar!/, jar:file:/hygieia/sonar-codequality-collector-2.0.5-SNAPSHOT.jar!/lib/commons-collections-3.2.1.jar!/, jar:file:/hygieia/sonar-codequality-collector-2.0.5-SNAPSHOT.jar!/lib/json-simple-1.1.1.jar!/, jar:file:/hygieia/sonar-codequality-collector-2.0.5-SNAPSHOT.jar!/lib/junit-4.12.jar!/, jar:file:/hygieia/sonar-codequality-collector-2.0.5-SNAPSHOT.jar!/lib/commons-codec-1.9.jar!/, jar:file:/hygieia/sonar-codequality-collector-2.0.5-SNAPSHOT.jar!/lib/commons-lang3-3.3.2.jar!/, jar:file:/hygieia/sonar-codequality-collector-2.0.5-SNAPSHOT.jar!/lib/httpclient-4.3.6.jar!/, jar:file:/hygieia/sonar-codequality-collector-2.0.5-SNAPSHOT.jar!/lib/httpcore-4.3.3.jar!/, jar:file:/hygieia/sonar-codequality-collector-2.0.5-SNAPSHOT.jar!/lib/spring-web-4.1.7.RELEASE.jar!/, jar:file:/hygieia/sonar-codequality-collector-2.0.5-SNAPSHOT.jar!/lib/spring-aop-4.1.7.RELEASE.jar!/, jar:file:/hygieia/sonar-codequality-collector-2.0.5-SNAPSHOT.jar!/lib/aopalliance-1.0.jar!/, jar:file:/hygieia/sonar-codequality-collector-2.0.5-SNAPSHOT.jar!/lib/spring-beans-4.1.7.RELEASE.jar!/, jar:file:/hygieia/sonar-codequality-collector-2.0.5-SNAPSHOT.jar!/lib/spring-context-4.1.7.RELEASE.jar!/, jar:file:/hygieia/sonar-codequality-collector-2.0.5-SNAPSHOT.jar!/lib/spring-core-4.1.7.RELEASE.jar!/, jar:file:/hygieia/sonar-codequality-collector-2.0.5-SNAPSHOT.jar!/lib/spring-boot-starter-data-mongodb-1.2.5.RELEASE.jar!/, jar:file:/hygieia/sonar-codequality-collector-2.0.5-SNAPSHOT.jar!/lib/spring-boot-starter-1.2.5.RELEASE.jar!/, jar:file:/hygieia/sonar-codequality-collector-2.0.5-SNAPSHOT.jar!/lib/spring-boot-autoconfigure-1.2.5.RELEASE.jar!/, jar:file:/hygieia/sonar-codequality-collector-2.0.5-SNAPSHOT.jar!/lib/spring-boot-starter-logging-1.2.5.RELEASE.jar!/, jar:file:/hygieia/sonar-codequality-collector-2.0.5-SNAPSHOT.jar!/lib/jul-to-slf4j-1.7.12.jar!/, jar:file:/hygieia/sonar-codequality-collector-2.0.5-SNAPSHOT.jar!/lib/log4j-over-slf4j-1.7.12.jar!/, jar:file:/hygieia/sonar-codequality-collector-2.0.5-SNAPSHOT.jar!/lib/logback-classic-1.1.3.jar!/, jar:file:/hygieia/sonar-codequality-collector-2.0.5-SNAPSHOT.jar!/lib/logback-core-1.1.3.jar!/, jar:file:/hygieia/sonar-codequality-collector-2.0.5-SNAPSHOT.jar!/lib/snakeyaml-1.14.jar!/, jar:file:/hygieia/sonar-codequality-collector-2.0.5-SNAPSHOT.jar!/lib/mongo-java-driver-3.0.2.jar!/, jar:file:/hygieia/sonar-codequality-collector-2.0.5-SNAPSHOT.jar!/lib/spring-tx-4.1.7.RELEASE.jar!/, jar:file:/hygieia/sonar-codequality-collector-2.0.5-SNAPSHOT.jar!/lib/hamcrest-core-1.3.jar!/]
2018-01-08 08:43:44,642 INFO  o.s.b.a.l.AutoConfigurationReportLoggingInitializer - 

Error starting ApplicationContext. To display the auto-configuration report enable debug logging (start with --debug)


2018-01-08 08:43:44,643 ERROR o.s.boot.SpringApplication - Application startup failed
org.springframework.beans.factory.BeanCreationException: Error creating bean with name 'sonarCollectorTask': Invocation of init method failed; nested exception is org.springframework.dao.DataAccessResourceFailureException: Timed out after 30000 ms while waiting for a server that matches ReadPreferenceServerSelector{readPreference=primary}. Client view of cluster state is {type=UNKNOWN, servers=[{address=172.17.0.2:27017, type=UNKNOWN, state=CONNECTING, exception={com.mongodb.MongoSecurityException: Exception authenticating MongoCredential{mechanism=SCRAM-SHA-1, userName='db', source='dashboard', password=<hidden>, mechanismProperties={}}}, caused by {com.mongodb.MongoCommandException: Command failed with error 18: 'Authentication failed.' on server 172.17.0.2:27017. The full response is { "ok" : 0.0, "errmsg" : "Authentication failed.", "code" : 18, "codeName" : "AuthenticationFailed" }}}]; nested exception is com.mongodb.MongoTimeoutException: Timed out after 30000 ms while waiting for a server that matches ReadPreferenceServerSelector{readPreference=primary}. Client view of cluster state is {type=UNKNOWN, servers=[{address=172.17.0.2:27017, type=UNKNOWN, state=CONNECTING, exception={com.mongodb.MongoSecurityException: Exception authenticating MongoCredential{mechanism=SCRAM-SHA-1, userName='db', source='dashboard', password=<hidden>, mechanismProperties={}}}, caused by {com.mongodb.MongoCommandException: Command failed with error 18: 'Authentication failed.' on server 172.17.0.2:27017. The full response is { "ok" : 0.0, "errmsg" : "Authentication failed.", "code" : 18, "codeName" : "AuthenticationFailed" }}}]
	at org.springframework.beans.factory.annotation.InitDestroyAnnotationBeanPostProcessor.postProcessBeforeInitialization(InitDestroyAnnotationBeanPostProcessor.java:136) ~[spring-beans-4.1.7.RELEASE.jar!/:4.1.7.RELEASE]
	at org.springframework.beans.factory.support.AbstractAutowireCapableBeanFactory.applyBeanPostProcessorsBeforeInitialization(AbstractAutowireCapableBeanFactory.java:408) ~[spring-beans-4.1.7.RELEASE.jar!/:4.1.7.RELEASE]
	at org.springframework.beans.factory.support.AbstractAutowireCapableBeanFactory.initializeBean(AbstractAutowireCapableBeanFactory.java:1566) ~[spring-beans-4.1.7.RELEASE.jar!/:4.1.7.RELEASE]
	at org.springframework.beans.factory.support.AbstractAutowireCapableBeanFactory.doCreateBean(AbstractAutowireCapableBeanFactory.java:539) ~[spring-beans-4.1.7.RELEASE.jar!/:4.1.7.RELEASE]
	at org.springframework.beans.factory.support.AbstractAutowireCapableBeanFactory.createBean(AbstractAutowireCapableBeanFactory.java:476) ~[spring-beans-4.1.7.RELEASE.jar!/:4.1.7.RELEASE]
	at org.springframework.beans.factory.support.AbstractBeanFactory$1.getObject(AbstractBeanFactory.java:303) ~[spring-beans-4.1.7.RELEASE.jar!/:4.1.7.RELEASE]
	at org.springframework.beans.factory.support.DefaultSingletonBeanRegistry.getSingleton(DefaultSingletonBeanRegistry.java:230) ~[spring-beans-4.1.7.RELEASE.jar!/:4.1.7.RELEASE]
	at org.springframework.beans.factory.support.AbstractBeanFactory.doGetBean(AbstractBeanFactory.java:299) ~[spring-beans-4.1.7.RELEASE.jar!/:4.1.7.RELEASE]
	at org.springframework.beans.factory.support.AbstractBeanFactory.getBean(AbstractBeanFactory.java:194) ~[spring-beans-4.1.7.RELEASE.jar!/:4.1.7.RELEASE]
	at org.springframework.beans.factory.support.DefaultListableBeanFactory.preInstantiateSingletons(DefaultListableBeanFactory.java:755) ~[spring-beans-4.1.7.RELEASE.jar!/:4.1.7.RELEASE]
	at org.springframework.context.support.AbstractApplicationContext.finishBeanFactoryInitialization(AbstractApplicationContext.java:757) ~[spring-context-4.1.7.RELEASE.jar!/:4.1.7.RELEASE]
	at org.springframework.context.support.AbstractApplicationContext.refresh(AbstractApplicationContext.java:480) ~[spring-context-4.1.7.RELEASE.jar!/:4.1.7.RELEASE]
	at org.springframework.boot.SpringApplication.refresh(SpringApplication.java:686) [spring-boot-1.2.5.RELEASE.jar!/:1.2.5.RELEASE]
	at org.springframework.boot.SpringApplication.run(SpringApplication.java:320) [spring-boot-1.2.5.RELEASE.jar!/:1.2.5.RELEASE]
	at org.springframework.boot.SpringApplication.run(SpringApplication.java:957) [spring-boot-1.2.5.RELEASE.jar!/:1.2.5.RELEASE]
	at org.springframework.boot.SpringApplication.run(SpringApplication.java:946) [spring-boot-1.2.5.RELEASE.jar!/:1.2.5.RELEASE]
	at com.capitalone.dashboard.Application.main(Application.java:13) [sonar-codequality-collector-2.0.5-SNAPSHOT.jar!/:2.0.5-SNAPSHOT]
	at sun.reflect.NativeMethodAccessorImpl.invoke0(Native Method) ~[na:1.8.0_111]
	at sun.reflect.NativeMethodAccessorImpl.invoke(NativeMethodAccessorImpl.java:62) ~[na:1.8.0_111]
	at sun.reflect.DelegatingMethodAccessorImpl.invoke(DelegatingMethodAccessorImpl.java:43) ~[na:1.8.0_111]
	at java.lang.reflect.Method.invoke(Method.java:498) ~[na:1.8.0_111]
	at org.springframework.boot.loader.MainMethodRunner.run(MainMethodRunner.java:53) [sonar-codequality-collector-2.0.5-SNAPSHOT.jar!/:2.0.5-SNAPSHOT]
	at java.lang.Thread.run(Thread.java:745) [na:1.8.0_111]
Caused by: org.springframework.dao.DataAccessResourceFailureException: Timed out after 30000 ms while waiting for a server that matches ReadPreferenceServerSelector{readPreference=primary}. Client view of cluster state is {type=UNKNOWN, servers=[{address=172.17.0.2:27017, type=UNKNOWN, state=CONNECTING, exception={com.mongodb.MongoSecurityException: Exception authenticating MongoCredential{mechanism=SCRAM-SHA-1, userName='db', source='dashboard', password=<hidden>, mechanismProperties={}}}, caused by {com.mongodb.MongoCommandException: Command failed with error 18: 'Authentication failed.' on server 172.17.0.2:27017. The full response is { "ok" : 0.0, "errmsg" : "Authentication failed.", "code" : 18, "codeName" : "AuthenticationFailed" }}}]; nested exception is com.mongodb.MongoTimeoutException: Timed out after 30000 ms while waiting for a server that matches ReadPreferenceServerSelector{readPreference=primary}. Client view of cluster state is {type=UNKNOWN, servers=[{address=172.17.0.2:27017, type=UNKNOWN, state=CONNECTING, exception={com.mongodb.MongoSecurityException: Exception authenticating MongoCredential{mechanism=SCRAM-SHA-1, userName='db', source='dashboard', password=<hidden>, mechanismProperties={}}}, caused by {com.mongodb.MongoCommandException: Command failed with error 18: 'Authentication failed.' on server 172.17.0.2:27017. The full response is { "ok" : 0.0, "errmsg" : "Authentication failed.", "code" : 18, "codeName" : "AuthenticationFailed" }}}]
	at org.springframework.data.mongodb.core.MongoExceptionTranslator.translateExceptionIfPossible(MongoExceptionTranslator.java:75) ~[spring-data-mongodb-1.8.0.RELEASE.jar!/:na]
	at org.springframework.data.mongodb.core.MongoTemplate.potentiallyConvertRuntimeException(MongoTemplate.java:2013) ~[spring-data-mongodb-1.8.0.RELEASE.jar!/:na]
	at org.springframework.data.mongodb.core.MongoTemplate.executeFindOneInternal(MongoTemplate.java:1843) ~[spring-data-mongodb-1.8.0.RELEASE.jar!/:na]
	at org.springframework.data.mongodb.core.MongoTemplate.doFindOne(MongoTemplate.java:1656) ~[spring-data-mongodb-1.8.0.RELEASE.jar!/:na]
	at org.springframework.data.mongodb.core.MongoTemplate.findOne(MongoTemplate.java:564) ~[spring-data-mongodb-1.8.0.RELEASE.jar!/:na]
	at org.springframework.data.mongodb.repository.query.AbstractMongoQuery$SingleEntityExecution.execute(AbstractMongoQuery.java:312) ~[spring-data-mongodb-1.8.0.RELEASE.jar!/:na]
	at org.springframework.data.mongodb.repository.query.AbstractMongoQuery.execute(AbstractMongoQuery.java:108) ~[spring-data-mongodb-1.8.0.RELEASE.jar!/:na]
	at org.springframework.data.repository.core.support.RepositoryFactorySupport$QueryExecutorMethodInterceptor.doInvoke(RepositoryFactorySupport.java:454) ~[spring-data-commons-1.11.0.RELEASE.jar!/:na]
	at org.springframework.data.repository.core.support.RepositoryFactorySupport$QueryExecutorMethodInterceptor.invoke(RepositoryFactorySupport.java:432) ~[spring-data-commons-1.11.0.RELEASE.jar!/:na]
	at org.springframework.aop.framework.ReflectiveMethodInvocation.proceed(ReflectiveMethodInvocation.java:179) ~[spring-aop-4.1.7.RELEASE.jar!/:4.1.7.RELEASE]
	at org.springframework.data.projection.DefaultMethodInvokingMethodInterceptor.invoke(DefaultMethodInvokingMethodInterceptor.java:61) ~[spring-data-commons-1.11.0.RELEASE.jar!/:na]
	at org.springframework.aop.framework.ReflectiveMethodInvocation.proceed(ReflectiveMethodInvocation.java:179) ~[spring-aop-4.1.7.RELEASE.jar!/:4.1.7.RELEASE]
	at org.springframework.aop.interceptor.ExposeInvocationInterceptor.invoke(ExposeInvocationInterceptor.java:92) ~[spring-aop-4.1.7.RELEASE.jar!/:4.1.7.RELEASE]
	at org.springframework.aop.framework.ReflectiveMethodInvocation.proceed(ReflectiveMethodInvocation.java:179) ~[spring-aop-4.1.7.RELEASE.jar!/:4.1.7.RELEASE]
	at org.springframework.aop.framework.JdkDynamicAopProxy.invoke(JdkDynamicAopProxy.java:207) ~[spring-aop-4.1.7.RELEASE.jar!/:4.1.7.RELEASE]
	at com.sun.proxy.$Proxy37.findByName(Unknown Source) ~[na:na]
	at com.capitalone.dashboard.collector.CollectorTask.setOnline(CollectorTask.java:91) ~[core-2.0.5-SNAPSHOT.jar!/:2.0.5-SNAPSHOT]
	at com.capitalone.dashboard.collector.CollectorTask.onStartup(CollectorTask.java:74) ~[core-2.0.5-SNAPSHOT.jar!/:2.0.5-SNAPSHOT]
	at sun.reflect.NativeMethodAccessorImpl.invoke0(Native Method) ~[na:1.8.0_111]
	at sun.reflect.NativeMethodAccessorImpl.invoke(NativeMethodAccessorImpl.java:62) ~[na:1.8.0_111]
	at sun.reflect.DelegatingMethodAccessorImpl.invoke(DelegatingMethodAccessorImpl.java:43) ~[na:1.8.0_111]
	at java.lang.reflect.Method.invoke(Method.java:498) ~[na:1.8.0_111]
	at org.springframework.beans.factory.annotation.InitDestroyAnnotationBeanPostProcessor$LifecycleElement.invoke(InitDestroyAnnotationBeanPostProcessor.java:349) ~[spring-beans-4.1.7.RELEASE.jar!/:4.1.7.RELEASE]
	at org.springframework.beans.factory.annotation.InitDestroyAnnotationBeanPostProcessor$LifecycleMetadata.invokeInitMethods(InitDestroyAnnotationBeanPostProcessor.java:300) ~[spring-beans-4.1.7.RELEASE.jar!/:4.1.7.RELEASE]
	at org.springframework.beans.factory.annotation.InitDestroyAnnotationBeanPostProcessor.postProcessBeforeInitialization(InitDestroyAnnotationBeanPostProcessor.java:133) ~[spring-beans-4.1.7.RELEASE.jar!/:4.1.7.RELEASE]
	... 22 common frames omitted
Caused by: com.mongodb.MongoTimeoutException: Timed out after 30000 ms while waiting for a server that matches ReadPreferenceServerSelector{readPreference=primary}. Client view of cluster state is {type=UNKNOWN, servers=[{address=172.17.0.2:27017, type=UNKNOWN, state=CONNECTING, exception={com.mongodb.MongoSecurityException: Exception authenticating MongoCredential{mechanism=SCRAM-SHA-1, userName='db', source='dashboard', password=<hidden>, mechanismProperties={}}}, caused by {com.mongodb.MongoCommandException: Command failed with error 18: 'Authentication failed.' on server 172.17.0.2:27017. The full response is { "ok" : 0.0, "errmsg" : "Authentication failed.", "code" : 18, "codeName" : "AuthenticationFailed" }}}]
	at com.mongodb.connection.BaseCluster.createTimeoutException(BaseCluster.java:370) ~[mongo-java-driver-3.0.2.jar!/:na]
	at com.mongodb.connection.BaseCluster.selectServer(BaseCluster.java:101) ~[mongo-java-driver-3.0.2.jar!/:na]
	at com.mongodb.binding.ClusterBinding$ClusterBindingConnectionSource.<init>(ClusterBinding.java:75) ~[mongo-java-driver-3.0.2.jar!/:na]
	at com.mongodb.binding.ClusterBinding$ClusterBindingConnectionSource.<init>(ClusterBinding.java:71) ~[mongo-java-driver-3.0.2.jar!/:na]
	at com.mongodb.binding.ClusterBinding.getReadConnectionSource(ClusterBinding.java:63) ~[mongo-java-driver-3.0.2.jar!/:na]
	at com.mongodb.operation.OperationHelper.withConnection(OperationHelper.java:166) ~[mongo-java-driver-3.0.2.jar!/:na]
	at com.mongodb.operation.FindOperation.execute(FindOperation.java:394) ~[mongo-java-driver-3.0.2.jar!/:na]
	at com.mongodb.operation.FindOperation.execute(FindOperation.java:57) ~[mongo-java-driver-3.0.2.jar!/:na]
	at com.mongodb.Mongo.execute(Mongo.java:738) ~[mongo-java-driver-3.0.2.jar!/:na]
	at com.mongodb.Mongo$2.execute(Mongo.java:725) ~[mongo-java-driver-3.0.2.jar!/:na]
	at com.mongodb.DBCollection.findOne(DBCollection.java:737) ~[mongo-java-driver-3.0.2.jar!/:na]
	at com.mongodb.DBCollection.findOne(DBCollection.java:710) ~[mongo-java-driver-3.0.2.jar!/:na]
	at com.mongodb.DBCollection.findOne(DBCollection.java:657) ~[mongo-java-driver-3.0.2.jar!/:na]
	at org.springframework.data.mongodb.core.MongoTemplate$FindOneCallback.doInCollection(MongoTemplate.java:2080) ~[spring-data-mongodb-1.8.0.RELEASE.jar!/:na]
	at org.springframework.data.mongodb.core.MongoTemplate$FindOneCallback.doInCollection(MongoTemplate.java:2064) ~[spring-data-mongodb-1.8.0.RELEASE.jar!/:na]
	at org.springframework.data.mongodb.core.MongoTemplate.executeFindOneInternal(MongoTemplate.java:1839) ~[spring-data-mongodb-1.8.0.RELEASE.jar!/:na]
	... 44 common frames omitted
